Oct-29 20:13:08.435 [main] DEBUG nextflow.cli.Launcher - $> nextflow run /apps/eb/Bactopia/3.1.0//share/bactopia-3.1.0/main.nf -w /home/ma95362/muszlut/work/ --wf pangenome --bactopia /scratch/ma95362/PRJNA1056148_bactopia/ena-multiple-samples --exclude /scratch/ma95362/PRJNA1056148_bactopia/bactopia-exclude.tsv
Oct-29 20:13:08.538 [main] DEBUG nextflow.cli.CmdRun - N E X T F L O W  ~  version 24.04.4
Oct-29 20:13:08.563 [main] DEBUG nextflow.plugin.PluginsFacade - Setting up plugin manager > mode=prod; embedded=false; plugins-dir=/home/ma95362/.nextflow/plugins; core-plugins: nf-amazon@2.5.3,nf-azure@1.6.1,nf-cloudcache@0.4.1,nf-codecommit@0.2.1,nf-console@1.1.3,nf-ga4gh@1.3.0,nf-google@1.13.2-patch1,nf-tower@1.9.1,nf-wave@1.4.2-patch1
Oct-29 20:13:08.575 [main] INFO  o.pf4j.DefaultPluginStatusProvider - Enabled plugins: []
Oct-29 20:13:08.576 [main] INFO  o.pf4j.DefaultPluginStatusProvider - Disabled plugins: []
Oct-29 20:13:08.580 [main] INFO  org.pf4j.DefaultPluginManager - PF4J version 3.12.0 in 'deployment' mode
Oct-29 20:13:08.595 [main] INFO  org.pf4j.AbstractPluginManager - No plugins
Oct-29 20:13:08.620 [main] DEBUG nextflow.config.ConfigBuilder - Found config base: /apps/eb/Bactopia/3.1.0/share/bactopia-3.1.0/nextflow.config
Oct-29 20:13:08.623 [main] DEBUG nextflow.config.ConfigBuilder - Parsing config file: /apps/eb/Bactopia/3.1.0/share/bactopia-3.1.0/nextflow.config
Oct-29 20:13:08.654 [main] DEBUG n.secret.LocalSecretsProvider - Secrets store: /home/ma95362/.nextflow/secrets/store.json
Oct-29 20:13:08.669 [main] DEBUG nextflow.secret.SecretsLoader - Discovered secrets providers: [nextflow.secret.LocalSecretsProvider@73d69c0f] - activable => nextflow.secret.LocalSecretsProvider@73d69c0f
Oct-29 20:13:08.685 [main] DEBUG nextflow.config.ConfigBuilder - Applying config profile: `standard`
Oct-29 20:13:11.140 [main] DEBUG nextflow.cli.CmdRun - Applied DSL=2 from script declaration
Oct-29 20:13:11.158 [main] DEBUG nextflow.cli.CmdRun - Launching `/apps/eb/Bactopia/3.1.0/share/bactopia-3.1.0/main.nf` [soggy_wescoff] DSL2 - revision: 0cd9f79ba7
Oct-29 20:13:11.160 [main] DEBUG nextflow.plugin.PluginsFacade - Plugins default=[]
Oct-29 20:13:11.160 [main] DEBUG nextflow.plugin.PluginsFacade - Plugins resolved requirement=[]
Oct-29 20:13:11.249 [main] DEBUG nextflow.Session - Session UUID: 381f7bee-d921-44ee-8930-d4c9d8709a63
Oct-29 20:13:11.249 [main] DEBUG nextflow.Session - Run name: soggy_wescoff
Oct-29 20:13:11.250 [main] DEBUG nextflow.Session - Executor pool size: 8
Oct-29 20:13:11.259 [main] DEBUG nextflow.file.FilePorter - File porter settings maxRetries=3; maxTransfers=50; pollTimeout=null
Oct-29 20:13:11.271 [main] DEBUG nextflow.cli.CmdRun - 
  Version: 24.04.4 build 5917
  Created: 01-08-2024 07:05 UTC (03:05 EDT)
  System: Linux 4.18.0-477.15.1.el8_8.x86_64
  Runtime: Groovy 4.0.21 on OpenJDK 64-Bit Server VM 21-internal-adhoc.conda.src
  Encoding: UTF-8 (UTF-8)
  Process: 2397393@c5-2 [10.2.1.96]
  CPUs: 8 - Mem: 40 GB (32.6 GB) - Swap: 0 (0) - Virtual threads ON
Oct-29 20:13:11.295 [main] DEBUG nextflow.Session - Work-dir: /home/ma95362/muszlut/work [nfs]
Oct-29 20:13:11.333 [main] DEBUG nextflow.executor.ExecutorFactory - Extension executors providers=[]
Oct-29 20:13:11.348 [main] DEBUG nextflow.Session - Observer factory: DefaultObserverFactory
Oct-29 20:13:11.427 [main] DEBUG nextflow.cache.CacheFactory - Using Nextflow cache factory: nextflow.cache.DefaultCacheFactory
Oct-29 20:13:11.438 [main] DEBUG nextflow.util.CustomPoolFactory - Creating virtual thread pool
Oct-29 20:13:11.542 [main] DEBUG nextflow.Session - Session start
Oct-29 20:13:11.547 [main] DEBUG nextflow.trace.TraceFileObserver - Workflow started -- trace file: /scratch/ma95362/PRJNA1056148_bactopia/ena-multiple-samples/bactopia-runs/pangenome-20241029-201310/nf-reports/pangenome-trace.txt
Oct-29 20:13:11.559 [main] DEBUG nextflow.Session - Using default localLib path: /apps/eb/Bactopia/3.1.0/share/bactopia-3.1.0/lib
Oct-29 20:13:11.564 [main] DEBUG nextflow.Session - Adding to the classpath library: /apps/eb/Bactopia/3.1.0/share/bactopia-3.1.0/lib
Oct-29 20:13:11.565 [main] DEBUG nextflow.Session - Adding to the classpath library: /apps/eb/Bactopia/3.1.0/share/bactopia-3.1.0/lib/nfcore_external_java_deps.jar
Oct-29 20:13:11.696 [main] DEBUG nextflow.script.ScriptRunner - > Launching execution
Oct-29 20:13:13.572 [main] INFO  nextflow.script.BaseScript - MODULES: [ncbigenomedownload, pirate, roary, panaroo, prokka, iqtree, clonalframeml, snpdists, scoary]
Oct-29 20:13:13.811 [main] INFO  nextflow.Nextflow - 

-[2m------------------------------------------------------------------[0m-
[0;34m   _                _              _         _              _              [0m
[0;34m  | |__   __ _  ___| |_ ___  _ __ (_) __ _  | |_ ___   ___ | |___          [0m
[0;34m  | '_ \ / _` |/ __| __/ _ \| '_ \| |/ _` | | __/ _ \ / _ \| / __|    [0m
[0;34m  | |_) | (_| | (__| || (_) | |_) | | (_| | | || (_) | (_) | \__ \        [0m
[0;34m  |_.__/ \__,_|\___|\__\___/| .__/|_|\__,_|  \__\___/ \___/|_|___/ [0m
[0;34m                            |_|                                            [0m
[0;36m  bactopia tools pangenome v3.1.0[0m
[0;36m  Pangenome analysis with optional core-genome phylogeny [0m
-[2m------------------------------------------------------------------[0m-
[1mCore Nextflow options[0m
  [0;34mrunName              : [0;32msoggy_wescoff[0m
  [0;34mcontainer            : [0;32mquay.io/bactopia/bactopia:3.1.0[0m
  [0;34mlaunchDir            : [0;32m/home/ma95362/muszlut[0m
  [0;34mworkDir              : [0;32m/home/ma95362/muszlut/work[0m
  [0;34mprojectDir           : [0;32m/apps/eb/Bactopia/3.1.0/share/bactopia-3.1.0[0m
  [0;34muserName             : [0;32mma95362[0m
  [0;34mprofile              : [0;32mstandard[0m
  [0;34mconfigFiles          : [0;32m/apps/eb/Bactopia/3.1.0/share/bactopia-3.1.0/nextflow.config[0m

[1mRequired Parameters[0m
  [0;34mbactopia             : [0;32m/scratch/ma95362/PRJNA1056148_bactopia/ena-multiple-samples[0m

[1mFiltering Parameters[0m
  [0;34mexclude              : [0;32m/scratch/ma95362/PRJNA1056148_bactopia/bactopia-exclude.tsv[0m

[1mProkka Parameters[0m
  [0;34mproteins             : [0;32m/apps/eb/Bactopia/3.1.0/share/bactopia-3.1.0/data/proteins.faa[0m

[1mOptional Parameters[0m
  [0;34moutdir               : [0;32m/scratch/ma95362/PRJNA1056148_bactopia/ena-multiple-samples[0m

[1mMax Job Request Parameters[0m
  [0;34mmax_memory           : [0;32m39 GB[0m (Original request ([0;32m128 GB[0m) adjusted to fit your system)
  [0;34mmax_time             : [0;32m10d[0m

[1mNextflow Profile Parameters[0m
  [0;34mcondadir             : [0;32m/home/ma95362/.bactopia/conda[0m
  [0;34mdatasets_cache       : [0;32m/home/ma95362/.bactopia/datasets[0m
  [0;34msingularity_cache_dir: [0;32m/home/ma95362/.bactopia/singularity[0m

[1mHelpful Parameters[0m
  [0;34mwf                   : [0;32mpangenome[0m

!! Only displaying parameters that differ from the pipeline defaults !!
-[2m------------------------------------------------------------------[0m-
If you use bactopia for your analysis please cite:

* Bactopia
  https://doi.org/10.1128/mSystems.00190-20

* The nf-core framework
  https://doi.org/10.1038/s41587-020-0439-x

* Software dependencies
  https://bactopia.github.io/acknowledgements/
-[2m------------------------------------------------------------------[0m-
Oct-29 20:13:13.814 [main] WARN  nextflow.Nextflow - 
Oct-29 20:13:13.814 [main] WARN  nextflow.Nextflow - Conda Disclaimer
Oct-29 20:13:13.815 [main] WARN  nextflow.Nextflow - 
Oct-29 20:13:13.815 [main] WARN  nextflow.Nextflow - If you have access to Docker or Singularity, please consider
Oct-29 20:13:13.815 [main] WARN  nextflow.Nextflow - running Bactopia using containers. The containers are less
Oct-29 20:13:13.815 [main] WARN  nextflow.Nextflow - susceptible to Conda environment related issues (e.g. version
Oct-29 20:13:13.816 [main] WARN  nextflow.Nextflow - conflicts) and errors caused by creation of conda environments
Oct-29 20:13:13.816 [main] WARN  nextflow.Nextflow - in parallel (use '--max_cpus 1' to over come this error).
Oct-29 20:13:13.816 [main] WARN  nextflow.Nextflow - 
Oct-29 20:13:13.816 [main] WARN  nextflow.Nextflow - To use containers, you can use the profile parameter
Oct-29 20:13:13.816 [main] WARN  nextflow.Nextflow -     Docker: -profile docker
Oct-29 20:13:13.817 [main] WARN  nextflow.Nextflow -     Singularity: -profile singularity
Oct-29 20:13:13.817 [main] WARN  nextflow.Nextflow - 
Oct-29 20:13:13.817 [main] INFO  nextflow.Nextflow - -[2m------------------------------------------------------------------[0m-
Oct-29 20:13:15.816 [main] INFO  nextflow.Nextflow - Excluding 8 samples from the analysis
Oct-29 20:13:16.561 [main] INFO  nextflow.Nextflow - Found 82 samples to process
Oct-29 20:13:16.562 [main] INFO  nextflow.Nextflow - 
If this looks wrong, now's your chance to back out (CTRL+C 3 times).
Oct-29 20:13:16.563 [main] INFO  nextflow.Nextflow - Sleeping for 5 seconds...
Oct-29 20:13:16.563 [main] INFO  nextflow.Nextflow - --------------------------------------------------------------------
Oct-29 20:13:21.659 [main] DEBUG nextflow.script.ProcessConfig - Config settings `withLabel:process_low` matches labels `process_low` for process with name BACTOPIATOOLS:PROKKA:PROKKA_MODULE
Oct-29 20:13:21.673 [main] DEBUG nextflow.executor.ExecutorFactory - << taskConfig executor: null
Oct-29 20:13:21.673 [main] DEBUG nextflow.executor.ExecutorFactory - >> processorType: 'local'
Oct-29 20:13:21.680 [main] DEBUG nextflow.executor.Executor - [warm up] executor > local
Oct-29 20:13:21.688 [main] DEBUG n.processor.LocalPollingMonitor - Creating local task monitor for executor 'local' > cpus=8; memory=40 GB; capacity=8; pollInterval=100ms; dumpInterval=5m
Oct-29 20:13:21.690 [main] DEBUG n.processor.TaskPollingMonitor - >>> barrier register (monitor: local)
Oct-29 20:13:21.807 [main] DEBUG nextflow.script.ProcessConfig - Config settings `withLabel:process_high` matches labels `process_high,process_long` for process with name BACTOPIATOOLS:PANGENOME:PG_TOOL:PANAROO_RUN
Oct-29 20:13:21.807 [main] DEBUG nextflow.script.ProcessConfig - Config settings `withLabel:process_long` matches labels `process_high,process_long` for process with name BACTOPIATOOLS:PANGENOME:PG_TOOL:PANAROO_RUN
Oct-29 20:13:21.809 [main] DEBUG nextflow.executor.ExecutorFactory - << taskConfig executor: null
Oct-29 20:13:21.809 [main] DEBUG nextflow.executor.ExecutorFactory - >> processorType: 'local'
Oct-29 20:13:21.822 [main] DEBUG nextflow.script.ProcessConfig - Config settings `withLabel:process_low` matches labels `process_low` for process with name BACTOPIATOOLS:PANGENOME:SNPDISTS
Oct-29 20:13:21.824 [main] DEBUG nextflow.executor.ExecutorFactory - << taskConfig executor: null
Oct-29 20:13:21.824 [main] DEBUG nextflow.executor.ExecutorFactory - >> processorType: 'local'
Oct-29 20:13:21.837 [main] DEBUG nextflow.script.ProcessConfig - Config settings `withLabel:process_medium` matches labels `process_medium,process_long` for process with name BACTOPIATOOLS:PANGENOME:CLONALFRAMEML:IQTREE
Oct-29 20:13:21.837 [main] DEBUG nextflow.script.ProcessConfig - Config settings `withLabel:process_long` matches labels `process_medium,process_long` for process with name BACTOPIATOOLS:PANGENOME:CLONALFRAMEML:IQTREE
Oct-29 20:13:21.840 [main] DEBUG nextflow.executor.ExecutorFactory - << taskConfig executor: null
Oct-29 20:13:21.840 [main] DEBUG nextflow.executor.ExecutorFactory - >> processorType: 'local'
Oct-29 20:13:21.855 [main] DEBUG nextflow.script.ProcessConfig - Config settings `withLabel:process_low` matches labels `process_low` for process with name BACTOPIATOOLS:PANGENOME:CLONALFRAMEML:CLONALFRAME
Oct-29 20:13:21.857 [main] DEBUG nextflow.executor.ExecutorFactory - << taskConfig executor: null
Oct-29 20:13:21.857 [main] DEBUG nextflow.executor.ExecutorFactory - >> processorType: 'local'
Oct-29 20:13:21.874 [main] DEBUG nextflow.script.ProcessConfig - Config settings `withLabel:process_medium` matches labels `process_medium,process_long` for process with name BACTOPIATOOLS:PANGENOME:FINAL_TREE:IQTREE_MODULE
Oct-29 20:13:21.874 [main] DEBUG nextflow.script.ProcessConfig - Config settings `withLabel:process_long` matches labels `process_medium,process_long` for process with name BACTOPIATOOLS:PANGENOME:FINAL_TREE:IQTREE_MODULE
Oct-29 20:13:21.876 [main] DEBUG nextflow.executor.ExecutorFactory - << taskConfig executor: null
Oct-29 20:13:21.876 [main] DEBUG nextflow.executor.ExecutorFactory - >> processorType: 'local'
Oct-29 20:13:21.881 [main] WARN  nextflow.extension.OperatorImpl - The operator `first` is useless when applied to a value channel which returns a single value by definition
Oct-29 20:13:21.918 [main] DEBUG nextflow.script.ProcessConfig - Config settings `withLabel:process_low` matches labels `process_low` for process with name BACTOPIATOOLS:CUSTOM_DUMPSOFTWAREVERSIONS
Oct-29 20:13:21.920 [main] DEBUG nextflow.executor.ExecutorFactory - << taskConfig executor: null
Oct-29 20:13:21.920 [main] DEBUG nextflow.executor.ExecutorFactory - >> processorType: 'local'
Oct-29 20:13:21.925 [main] DEBUG nextflow.Session - Workflow process names [dsl2]: PROKKA_MODULE, BACTOPIATOOLS:PANGENOME:CLONALFRAMEML:IQTREE, BACTOPIATOOLS:PANGENOME:FINAL_TREE:IQTREE_MODULE, BACTOPIATOOLS:PANGENOME:SNPDISTS, IQTREE, BACTOPIATOOLS:PROKKA:PROKKA_MODULE, NCBIGENOMEDOWNLOAD_MODULE, PANAROO_RUN, BACTOPIATOOLS:CUSTOM_DUMPSOFTWAREVERSIONS, IQTREE_MODULE, CLONALFRAME, SNPDISTS, SCOARY_MODULE, CLONALFRAMEML, PROKKA, CUSTOM_DUMPSOFTWAREVERSIONS, BACTOPIATOOLS:PANGENOME:PG_TOOL:PANAROO_RUN, NCBIGENOMEDOWNLOAD, SCOARY, BACTOPIATOOLS:PANGENOME:CLONALFRAMEML:CLONALFRAME
Oct-29 20:13:21.928 [main] DEBUG nextflow.Session - Igniting dataflow network (19)
Oct-29 20:13:21.933 [main] DEBUG nextflow.processor.TaskProcessor - Starting process > BACTOPIATOOLS:PROKKA:PROKKA_MODULE
Oct-29 20:13:21.935 [main] DEBUG nextflow.processor.TaskProcessor - Starting process > BACTOPIATOOLS:PANGENOME:PG_TOOL:PANAROO_RUN
Oct-29 20:13:21.935 [main] DEBUG nextflow.processor.TaskProcessor - Starting process > BACTOPIATOOLS:PANGENOME:SNPDISTS
Oct-29 20:13:21.936 [main] DEBUG nextflow.processor.TaskProcessor - Starting process > BACTOPIATOOLS:PANGENOME:CLONALFRAMEML:IQTREE
Oct-29 20:13:21.938 [main] DEBUG nextflow.processor.TaskProcessor - Starting process > BACTOPIATOOLS:PANGENOME:CLONALFRAMEML:CLONALFRAME
Oct-29 20:13:21.938 [main] DEBUG nextflow.processor.TaskProcessor - Starting process > BACTOPIATOOLS:PANGENOME:FINAL_TREE:IQTREE_MODULE
Oct-29 20:13:21.938 [main] DEBUG nextflow.processor.TaskProcessor - Starting process > BACTOPIATOOLS:CUSTOM_DUMPSOFTWAREVERSIONS
Oct-29 20:13:21.939 [main] DEBUG nextflow.script.ScriptRunner - Parsed script files:
  Script_ddb22d6f54b55b3b: /apps/eb/Bactopia/3.1.0/share/bactopia-3.1.0/./workflows/../subworkflows/local/pangenome/../clonalframeml/../../../modules/nf-core/clonalframeml/main.nf
  Script_39d49fa94b059bea: /apps/eb/Bactopia/3.1.0/share/bactopia-3.1.0/./workflows/../subworkflows/local/pangenome/../scoary/../../../modules/nf-core/scoary/main.nf
  Script_71a5607f13a1696a: /apps/eb/Bactopia/3.1.0/share/bactopia-3.1.0/./workflows/../modules/nf-core/custom/dumpsoftwareversions/main.nf
  Script_63d132b976012e46: /apps/eb/Bactopia/3.1.0/share/bactopia-3.1.0/./workflows/../subworkflows/local/ncbigenomedownload/../../../modules/nf-core/ncbigenomedownload/main.nf
  Script_6133f0f5a02dc14e: /apps/eb/Bactopia/3.1.0/share/bactopia-3.1.0/./workflows/../subworkflows/local/pangenome/main.nf
  Script_a22a3f2cbd620671: /apps/eb/Bactopia/3.1.0/share/bactopia-3.1.0/./workflows/../subworkflows/local/pangenome/../iqtree/../../../lib/nf/functions.nf
  Script_0f4fef92bb1fdac5: /apps/eb/Bactopia/3.1.0/share/bactopia-3.1.0/./workflows/../subworkflows/local/prokka/../../../modules/nf-core/prokka/main.nf
  Script_2346ef0005d92358: /apps/eb/Bactopia/3.1.0/share/bactopia-3.1.0/./workflows/../subworkflows/local/pangenome/../iqtree/../../../modules/nf-core/iqtree/main.nf
  Script_de862988fe3f2091: /apps/eb/Bactopia/3.1.0/share/bactopia-3.1.0/./workflows/bactopia-tools.nf
  Script_fd93f89b2d1b45db: /apps/eb/Bactopia/3.1.0/share/bactopia-3.1.0/./workflows/../subworkflows/local/ncbigenomedownload/main.nf
  Script_0001eb6675eb017b: /apps/eb/Bactopia/3.1.0/share/bactopia-3.1.0/./workflows/../subworkflows/local/pangenome/../iqtree/main.nf
  Script_28b956a88b5bebd6: /apps/eb/Bactopia/3.1.0/share/bactopia-3.1.0/main.nf
  Script_5259f0b1133544cc: /apps/eb/Bactopia/3.1.0/share/bactopia-3.1.0/./workflows/../lib/nf/bactopia_tools.nf
  Script_3d5a5f3b71725b2b: /apps/eb/Bactopia/3.1.0/share/bactopia-3.1.0/./workflows/../subworkflows/local/pangenome/../panaroo/../../../modules/nf-core/panaroo/run/main.nf
  Script_dcb3991260cdbbf2: /apps/eb/Bactopia/3.1.0/share/bactopia-3.1.0/./workflows/../subworkflows/local/pangenome/../panaroo/main.nf
  Script_b92ccf3967287e21: /apps/eb/Bactopia/3.1.0/share/bactopia-3.1.0/./workflows/../subworkflows/local/prokka/main.nf
  Script_420e37718b7a1b75: /apps/eb/Bactopia/3.1.0/share/bactopia-3.1.0/./workflows/../subworkflows/local/pangenome/../scoary/main.nf
  Script_2eac66bafaeae2db: /apps/eb/Bactopia/3.1.0/share/bactopia-3.1.0/./workflows/../subworkflows/local/pangenome/../clonalframeml/main.nf
  Script_f3fdf3ab95c48621: /apps/eb/Bactopia/3.1.0/share/bactopia-3.1.0/./workflows/../subworkflows/local/pangenome/../../../modules/nf-core/snpdists/main.nf
Oct-29 20:13:21.939 [main] DEBUG nextflow.script.ScriptRunner - > Awaiting termination 
Oct-29 20:13:21.939 [main] DEBUG nextflow.Session - Session await
Oct-29 20:13:21.953 [Actor Thread 71] WARN  nextflow.script.ScriptBinding - Access to undefined parameter `use_panaroo` -- Initialise it to a default value eg. `params.use_panaroo = some_value`
Oct-29 20:13:22.148 [Actor Thread 76] DEBUG nextflow.conda.CondaCache - conda found local env for environment=/home/ma95362/.bactopia/conda/bioconda--panaroo-1.5.0; path=/home/ma95362/.bactopia/conda/bioconda--panaroo-1.5.0
Oct-29 20:13:22.226 [Task submitter] DEBUG n.executor.local.LocalTaskHandler - Launch cmd line: /bin/bash -ue .command.run
Oct-29 20:13:22.228 [Task submitter] INFO  nextflow.Session - [44/cfc968] Submitted process > BACTOPIATOOLS:PANGENOME:PG_TOOL:PANAROO_RUN (pirate)
Oct-29 20:18:21.810 [Task monitor] DEBUG n.processor.TaskPollingMonitor - !! executor local > tasks to be completed: 1 -- submitted tasks are shown below
~> TaskHandler[id: 1; name: BACTOPIATOOLS:PANGENOME:PG_TOOL:PANAROO_RUN (pirate); status: RUNNING; exit: -; error: -; workDir: /home/ma95362/muszlut/work/44/cfc968f64f8fb1def2f648b7bfae5d]
Oct-29 20:23:21.854 [Task monitor] DEBUG n.processor.TaskPollingMonitor - !! executor local > tasks to be completed: 1 -- submitted tasks are shown below
~> TaskHandler[id: 1; name: BACTOPIATOOLS:PANGENOME:PG_TOOL:PANAROO_RUN (pirate); status: RUNNING; exit: -; error: -; workDir: /home/ma95362/muszlut/work/44/cfc968f64f8fb1def2f648b7bfae5d]
Oct-29 20:28:21.931 [Task monitor] DEBUG n.processor.TaskPollingMonitor - !! executor local > tasks to be completed: 1 -- submitted tasks are shown below
~> TaskHandler[id: 1; name: BACTOPIATOOLS:PANGENOME:PG_TOOL:PANAROO_RUN (pirate); status: RUNNING; exit: -; error: -; workDir: /home/ma95362/muszlut/work/44/cfc968f64f8fb1def2f648b7bfae5d]
Oct-29 20:33:21.997 [Task monitor] DEBUG n.processor.TaskPollingMonitor - !! executor local > tasks to be completed: 1 -- submitted tasks are shown below
~> TaskHandler[id: 1; name: BACTOPIATOOLS:PANGENOME:PG_TOOL:PANAROO_RUN (pirate); status: RUNNING; exit: -; error: -; workDir: /home/ma95362/muszlut/work/44/cfc968f64f8fb1def2f648b7bfae5d]
Oct-29 20:38:22.068 [Task monitor] DEBUG n.processor.TaskPollingMonitor - !! executor local > tasks to be completed: 1 -- submitted tasks are shown below
~> TaskHandler[id: 1; name: BACTOPIATOOLS:PANGENOME:PG_TOOL:PANAROO_RUN (pirate); status: RUNNING; exit: -; error: -; workDir: /home/ma95362/muszlut/work/44/cfc968f64f8fb1def2f648b7bfae5d]
Oct-29 20:43:22.127 [Task monitor] DEBUG n.processor.TaskPollingMonitor - !! executor local > tasks to be completed: 1 -- submitted tasks are shown below
~> TaskHandler[id: 1; name: BACTOPIATOOLS:PANGENOME:PG_TOOL:PANAROO_RUN (pirate); status: RUNNING; exit: -; error: -; workDir: /home/ma95362/muszlut/work/44/cfc968f64f8fb1def2f648b7bfae5d]
Oct-29 20:48:22.188 [Task monitor] DEBUG n.processor.TaskPollingMonitor - !! executor local > tasks to be completed: 1 -- submitted tasks are shown below
~> TaskHandler[id: 1; name: BACTOPIATOOLS:PANGENOME:PG_TOOL:PANAROO_RUN (pirate); status: RUNNING; exit: -; error: -; workDir: /home/ma95362/muszlut/work/44/cfc968f64f8fb1def2f648b7bfae5d]
Oct-29 20:53:22.252 [Task monitor] DEBUG n.processor.TaskPollingMonitor - !! executor local > tasks to be completed: 1 -- submitted tasks are shown below
~> TaskHandler[id: 1; name: BACTOPIATOOLS:PANGENOME:PG_TOOL:PANAROO_RUN (pirate); status: RUNNING; exit: -; error: -; workDir: /home/ma95362/muszlut/work/44/cfc968f64f8fb1def2f648b7bfae5d]
Oct-29 20:58:22.311 [Task monitor] DEBUG n.processor.TaskPollingMonitor - !! executor local > tasks to be completed: 1 -- submitted tasks are shown below
~> TaskHandler[id: 1; name: BACTOPIATOOLS:PANGENOME:PG_TOOL:PANAROO_RUN (pirate); status: RUNNING; exit: -; error: -; workDir: /home/ma95362/muszlut/work/44/cfc968f64f8fb1def2f648b7bfae5d]
Oct-29 21:03:22.372 [Task monitor] DEBUG n.processor.TaskPollingMonitor - !! executor local > tasks to be completed: 1 -- submitted tasks are shown below
~> TaskHandler[id: 1; name: BACTOPIATOOLS:PANGENOME:PG_TOOL:PANAROO_RUN (pirate); status: RUNNING; exit: -; error: -; workDir: /home/ma95362/muszlut/work/44/cfc968f64f8fb1def2f648b7bfae5d]
Oct-29 21:08:22.460 [Task monitor] DEBUG n.processor.TaskPollingMonitor - !! executor local > tasks to be completed: 1 -- submitted tasks are shown below
~> TaskHandler[id: 1; name: BACTOPIATOOLS:PANGENOME:PG_TOOL:PANAROO_RUN (pirate); status: RUNNING; exit: -; error: -; workDir: /home/ma95362/muszlut/work/44/cfc968f64f8fb1def2f648b7bfae5d]
Oct-29 21:13:22.521 [Task monitor] DEBUG n.processor.TaskPollingMonitor - !! executor local > tasks to be completed: 1 -- submitted tasks are shown below
~> TaskHandler[id: 1; name: BACTOPIATOOLS:PANGENOME:PG_TOOL:PANAROO_RUN (pirate); status: RUNNING; exit: -; error: -; workDir: /home/ma95362/muszlut/work/44/cfc968f64f8fb1def2f648b7bfae5d]
Oct-29 21:18:22.582 [Task monitor] DEBUG n.processor.TaskPollingMonitor - !! executor local > tasks to be completed: 1 -- submitted tasks are shown below
~> TaskHandler[id: 1; name: BACTOPIATOOLS:PANGENOME:PG_TOOL:PANAROO_RUN (pirate); status: RUNNING; exit: -; error: -; workDir: /home/ma95362/muszlut/work/44/cfc968f64f8fb1def2f648b7bfae5d]
Oct-29 21:23:22.664 [Task monitor] DEBUG n.processor.TaskPollingMonitor - !! executor local > tasks to be completed: 1 -- submitted tasks are shown below
~> TaskHandler[id: 1; name: BACTOPIATOOLS:PANGENOME:PG_TOOL:PANAROO_RUN (pirate); status: RUNNING; exit: -; error: -; workDir: /home/ma95362/muszlut/work/44/cfc968f64f8fb1def2f648b7bfae5d]
Oct-29 21:28:22.731 [Task monitor] DEBUG n.processor.TaskPollingMonitor - !! executor local > tasks to be completed: 1 -- submitted tasks are shown below
~> TaskHandler[id: 1; name: BACTOPIATOOLS:PANGENOME:PG_TOOL:PANAROO_RUN (pirate); status: RUNNING; exit: -; error: -; workDir: /home/ma95362/muszlut/work/44/cfc968f64f8fb1def2f648b7bfae5d]
Oct-29 21:33:22.794 [Task monitor] DEBUG n.processor.TaskPollingMonitor - !! executor local > tasks to be completed: 1 -- submitted tasks are shown below
~> TaskHandler[id: 1; name: BACTOPIATOOLS:PANGENOME:PG_TOOL:PANAROO_RUN (pirate); status: RUNNING; exit: -; error: -; workDir: /home/ma95362/muszlut/work/44/cfc968f64f8fb1def2f648b7bfae5d]
Oct-29 21:38:22.848 [Task monitor] DEBUG n.processor.TaskPollingMonitor - !! executor local > tasks to be completed: 1 -- submitted tasks are shown below
~> TaskHandler[id: 1; name: BACTOPIATOOLS:PANGENOME:PG_TOOL:PANAROO_RUN (pirate); status: RUNNING; exit: -; error: -; workDir: /home/ma95362/muszlut/work/44/cfc968f64f8fb1def2f648b7bfae5d]
Oct-29 21:43:22.909 [Task monitor] DEBUG n.processor.TaskPollingMonitor - !! executor local > tasks to be completed: 1 -- submitted tasks are shown below
~> TaskHandler[id: 1; name: BACTOPIATOOLS:PANGENOME:PG_TOOL:PANAROO_RUN (pirate); status: RUNNING; exit: -; error: -; workDir: /home/ma95362/muszlut/work/44/cfc968f64f8fb1def2f648b7bfae5d]
Oct-29 21:48:22.988 [Task monitor] DEBUG n.processor.TaskPollingMonitor - !! executor local > tasks to be completed: 1 -- submitted tasks are shown below
~> TaskHandler[id: 1; name: BACTOPIATOOLS:PANGENOME:PG_TOOL:PANAROO_RUN (pirate); status: RUNNING; exit: -; error: -; workDir: /home/ma95362/muszlut/work/44/cfc968f64f8fb1def2f648b7bfae5d]
Oct-29 21:53:23.046 [Task monitor] DEBUG n.processor.TaskPollingMonitor - !! executor local > tasks to be completed: 1 -- submitted tasks are shown below
~> TaskHandler[id: 1; name: BACTOPIATOOLS:PANGENOME:PG_TOOL:PANAROO_RUN (pirate); status: RUNNING; exit: -; error: -; workDir: /home/ma95362/muszlut/work/44/cfc968f64f8fb1def2f648b7bfae5d]
Oct-29 21:58:23.091 [Task monitor] DEBUG n.processor.TaskPollingMonitor - !! executor local > tasks to be completed: 1 -- submitted tasks are shown below
~> TaskHandler[id: 1; name: BACTOPIATOOLS:PANGENOME:PG_TOOL:PANAROO_RUN (pirate); status: RUNNING; exit: -; error: -; workDir: /home/ma95362/muszlut/work/44/cfc968f64f8fb1def2f648b7bfae5d]
Oct-29 22:03:23.139 [Task monitor] DEBUG n.processor.TaskPollingMonitor - !! executor local > tasks to be completed: 1 -- submitted tasks are shown below
~> TaskHandler[id: 1; name: BACTOPIATOOLS:PANGENOME:PG_TOOL:PANAROO_RUN (pirate); status: RUNNING; exit: -; error: -; workDir: /home/ma95362/muszlut/work/44/cfc968f64f8fb1def2f648b7bfae5d]
Oct-29 22:08:23.175 [Task monitor] DEBUG n.processor.TaskPollingMonitor - !! executor local > tasks to be completed: 1 -- submitted tasks are shown below
~> TaskHandler[id: 1; name: BACTOPIATOOLS:PANGENOME:PG_TOOL:PANAROO_RUN (pirate); status: RUNNING; exit: -; error: -; workDir: /home/ma95362/muszlut/work/44/cfc968f64f8fb1def2f648b7bfae5d]
Oct-29 22:13:23.211 [Task monitor] DEBUG n.processor.TaskPollingMonitor - !! executor local > tasks to be completed: 1 -- submitted tasks are shown below
~> TaskHandler[id: 1; name: BACTOPIATOOLS:PANGENOME:PG_TOOL:PANAROO_RUN (pirate); status: RUNNING; exit: -; error: -; workDir: /home/ma95362/muszlut/work/44/cfc968f64f8fb1def2f648b7bfae5d]
Oct-29 22:18:23.254 [Task monitor] DEBUG n.processor.TaskPollingMonitor - !! executor local > tasks to be completed: 1 -- submitted tasks are shown below
~> TaskHandler[id: 1; name: BACTOPIATOOLS:PANGENOME:PG_TOOL:PANAROO_RUN (pirate); status: RUNNING; exit: -; error: -; workDir: /home/ma95362/muszlut/work/44/cfc968f64f8fb1def2f648b7bfae5d]
Oct-29 22:23:23.297 [Task monitor] DEBUG n.processor.TaskPollingMonitor - !! executor local > tasks to be completed: 1 -- submitted tasks are shown below
~> TaskHandler[id: 1; name: BACTOPIATOOLS:PANGENOME:PG_TOOL:PANAROO_RUN (pirate); status: RUNNING; exit: -; error: -; workDir: /home/ma95362/muszlut/work/44/cfc968f64f8fb1def2f648b7bfae5d]
Oct-29 22:28:23.341 [Task monitor] DEBUG n.processor.TaskPollingMonitor - !! executor local > tasks to be completed: 1 -- submitted tasks are shown below
~> TaskHandler[id: 1; name: BACTOPIATOOLS:PANGENOME:PG_TOOL:PANAROO_RUN (pirate); status: RUNNING; exit: -; error: -; workDir: /home/ma95362/muszlut/work/44/cfc968f64f8fb1def2f648b7bfae5d]
Oct-29 22:33:23.381 [Task monitor] DEBUG n.processor.TaskPollingMonitor - !! executor local > tasks to be completed: 1 -- submitted tasks are shown below
~> TaskHandler[id: 1; name: BACTOPIATOOLS:PANGENOME:PG_TOOL:PANAROO_RUN (pirate); status: RUNNING; exit: -; error: -; workDir: /home/ma95362/muszlut/work/44/cfc968f64f8fb1def2f648b7bfae5d]
Oct-29 22:38:23.425 [Task monitor] DEBUG n.processor.TaskPollingMonitor - !! executor local > tasks to be completed: 1 -- submitted tasks are shown below
~> TaskHandler[id: 1; name: BACTOPIATOOLS:PANGENOME:PG_TOOL:PANAROO_RUN (pirate); status: RUNNING; exit: -; error: -; workDir: /home/ma95362/muszlut/work/44/cfc968f64f8fb1def2f648b7bfae5d]
Oct-29 22:43:23.468 [Task monitor] DEBUG n.processor.TaskPollingMonitor - !! executor local > tasks to be completed: 1 -- submitted tasks are shown below
~> TaskHandler[id: 1; name: BACTOPIATOOLS:PANGENOME:PG_TOOL:PANAROO_RUN (pirate); status: RUNNING; exit: -; error: -; workDir: /home/ma95362/muszlut/work/44/cfc968f64f8fb1def2f648b7bfae5d]
Oct-29 22:48:23.500 [Task monitor] DEBUG n.processor.TaskPollingMonitor - !! executor local > tasks to be completed: 1 -- submitted tasks are shown below
~> TaskHandler[id: 1; name: BACTOPIATOOLS:PANGENOME:PG_TOOL:PANAROO_RUN (pirate); status: RUNNING; exit: -; error: -; workDir: /home/ma95362/muszlut/work/44/cfc968f64f8fb1def2f648b7bfae5d]
Oct-29 22:53:23.554 [Task monitor] DEBUG n.processor.TaskPollingMonitor - !! executor local > tasks to be completed: 1 -- submitted tasks are shown below
~> TaskHandler[id: 1; name: BACTOPIATOOLS:PANGENOME:PG_TOOL:PANAROO_RUN (pirate); status: RUNNING; exit: -; error: -; workDir: /home/ma95362/muszlut/work/44/cfc968f64f8fb1def2f648b7bfae5d]
Oct-29 22:58:23.633 [Task monitor] DEBUG n.processor.TaskPollingMonitor - !! executor local > tasks to be completed: 1 -- submitted tasks are shown below
~> TaskHandler[id: 1; name: BACTOPIATOOLS:PANGENOME:PG_TOOL:PANAROO_RUN (pirate); status: RUNNING; exit: -; error: -; workDir: /home/ma95362/muszlut/work/44/cfc968f64f8fb1def2f648b7bfae5d]
Oct-29 23:03:23.676 [Task monitor] DEBUG n.processor.TaskPollingMonitor - !! executor local > tasks to be completed: 1 -- submitted tasks are shown below
~> TaskHandler[id: 1; name: BACTOPIATOOLS:PANGENOME:PG_TOOL:PANAROO_RUN (pirate); status: RUNNING; exit: -; error: -; workDir: /home/ma95362/muszlut/work/44/cfc968f64f8fb1def2f648b7bfae5d]
Oct-29 23:08:23.721 [Task monitor] DEBUG n.processor.TaskPollingMonitor - !! executor local > tasks to be completed: 1 -- submitted tasks are shown below
~> TaskHandler[id: 1; name: BACTOPIATOOLS:PANGENOME:PG_TOOL:PANAROO_RUN (pirate); status: RUNNING; exit: -; error: -; workDir: /home/ma95362/muszlut/work/44/cfc968f64f8fb1def2f648b7bfae5d]
Oct-29 23:13:23.790 [Task monitor] DEBUG n.processor.TaskPollingMonitor - !! executor local > tasks to be completed: 1 -- submitted tasks are shown below
~> TaskHandler[id: 1; name: BACTOPIATOOLS:PANGENOME:PG_TOOL:PANAROO_RUN (pirate); status: RUNNING; exit: -; error: -; workDir: /home/ma95362/muszlut/work/44/cfc968f64f8fb1def2f648b7bfae5d]
Oct-29 23:18:23.866 [Task monitor] DEBUG n.processor.TaskPollingMonitor - !! executor local > tasks to be completed: 1 -- submitted tasks are shown below
~> TaskHandler[id: 1; name: BACTOPIATOOLS:PANGENOME:PG_TOOL:PANAROO_RUN (pirate); status: RUNNING; exit: -; error: -; workDir: /home/ma95362/muszlut/work/44/cfc968f64f8fb1def2f648b7bfae5d]
Oct-29 23:23:23.901 [Task monitor] DEBUG n.processor.TaskPollingMonitor - !! executor local > tasks to be completed: 1 -- submitted tasks are shown below
~> TaskHandler[id: 1; name: BACTOPIATOOLS:PANGENOME:PG_TOOL:PANAROO_RUN (pirate); status: RUNNING; exit: -; error: -; workDir: /home/ma95362/muszlut/work/44/cfc968f64f8fb1def2f648b7bfae5d]
Oct-29 23:28:23.945 [Task monitor] DEBUG n.processor.TaskPollingMonitor - !! executor local > tasks to be completed: 1 -- submitted tasks are shown below
~> TaskHandler[id: 1; name: BACTOPIATOOLS:PANGENOME:PG_TOOL:PANAROO_RUN (pirate); status: RUNNING; exit: -; error: -; workDir: /home/ma95362/muszlut/work/44/cfc968f64f8fb1def2f648b7bfae5d]
Oct-29 23:33:23.984 [Task monitor] DEBUG n.processor.TaskPollingMonitor - !! executor local > tasks to be completed: 1 -- submitted tasks are shown below
~> TaskHandler[id: 1; name: BACTOPIATOOLS:PANGENOME:PG_TOOL:PANAROO_RUN (pirate); status: RUNNING; exit: -; error: -; workDir: /home/ma95362/muszlut/work/44/cfc968f64f8fb1def2f648b7bfae5d]
Oct-29 23:38:24.019 [Task monitor] DEBUG n.processor.TaskPollingMonitor - !! executor local > tasks to be completed: 1 -- submitted tasks are shown below
~> TaskHandler[id: 1; name: BACTOPIATOOLS:PANGENOME:PG_TOOL:PANAROO_RUN (pirate); status: RUNNING; exit: -; error: -; workDir: /home/ma95362/muszlut/work/44/cfc968f64f8fb1def2f648b7bfae5d]
Oct-29 23:43:24.059 [Task monitor] DEBUG n.processor.TaskPollingMonitor - !! executor local > tasks to be completed: 1 -- submitted tasks are shown below
~> TaskHandler[id: 1; name: BACTOPIATOOLS:PANGENOME:PG_TOOL:PANAROO_RUN (pirate); status: RUNNING; exit: -; error: -; workDir: /home/ma95362/muszlut/work/44/cfc968f64f8fb1def2f648b7bfae5d]
Oct-29 23:48:24.100 [Task monitor] DEBUG n.processor.TaskPollingMonitor - !! executor local > tasks to be completed: 1 -- submitted tasks are shown below
~> TaskHandler[id: 1; name: BACTOPIATOOLS:PANGENOME:PG_TOOL:PANAROO_RUN (pirate); status: RUNNING; exit: -; error: -; workDir: /home/ma95362/muszlut/work/44/cfc968f64f8fb1def2f648b7bfae5d]
Oct-29 23:53:24.141 [Task monitor] DEBUG n.processor.TaskPollingMonitor - !! executor local > tasks to be completed: 1 -- submitted tasks are shown below
~> TaskHandler[id: 1; name: BACTOPIATOOLS:PANGENOME:PG_TOOL:PANAROO_RUN (pirate); status: RUNNING; exit: -; error: -; workDir: /home/ma95362/muszlut/work/44/cfc968f64f8fb1def2f648b7bfae5d]
Oct-29 23:58:24.188 [Task monitor] DEBUG n.processor.TaskPollingMonitor - !! executor local > tasks to be completed: 1 -- submitted tasks are shown below
~> TaskHandler[id: 1; name: BACTOPIATOOLS:PANGENOME:PG_TOOL:PANAROO_RUN (pirate); status: RUNNING; exit: -; error: -; workDir: /home/ma95362/muszlut/work/44/cfc968f64f8fb1def2f648b7bfae5d]
Oct-30 00:03:24.235 [Task monitor] DEBUG n.processor.TaskPollingMonitor - !! executor local > tasks to be completed: 1 -- submitted tasks are shown below
~> TaskHandler[id: 1; name: BACTOPIATOOLS:PANGENOME:PG_TOOL:PANAROO_RUN (pirate); status: RUNNING; exit: -; error: -; workDir: /home/ma95362/muszlut/work/44/cfc968f64f8fb1def2f648b7bfae5d]
Oct-30 00:08:24.281 [Task monitor] DEBUG n.processor.TaskPollingMonitor - !! executor local > tasks to be completed: 1 -- submitted tasks are shown below
~> TaskHandler[id: 1; name: BACTOPIATOOLS:PANGENOME:PG_TOOL:PANAROO_RUN (pirate); status: RUNNING; exit: -; error: -; workDir: /home/ma95362/muszlut/work/44/cfc968f64f8fb1def2f648b7bfae5d]
Oct-30 00:13:24.328 [Task monitor] DEBUG n.processor.TaskPollingMonitor - !! executor local > tasks to be completed: 1 -- submitted tasks are shown below
~> TaskHandler[id: 1; name: BACTOPIATOOLS:PANGENOME:PG_TOOL:PANAROO_RUN (pirate); status: RUNNING; exit: -; error: -; workDir: /home/ma95362/muszlut/work/44/cfc968f64f8fb1def2f648b7bfae5d]
Oct-30 00:18:24.384 [Task monitor] DEBUG n.processor.TaskPollingMonitor - !! executor local > tasks to be completed: 1 -- submitted tasks are shown below
~> TaskHandler[id: 1; name: BACTOPIATOOLS:PANGENOME:PG_TOOL:PANAROO_RUN (pirate); status: RUNNING; exit: -; error: -; workDir: /home/ma95362/muszlut/work/44/cfc968f64f8fb1def2f648b7bfae5d]
Oct-30 00:23:24.429 [Task monitor] DEBUG n.processor.TaskPollingMonitor - !! executor local > tasks to be completed: 1 -- submitted tasks are shown below
~> TaskHandler[id: 1; name: BACTOPIATOOLS:PANGENOME:PG_TOOL:PANAROO_RUN (pirate); status: RUNNING; exit: -; error: -; workDir: /home/ma95362/muszlut/work/44/cfc968f64f8fb1def2f648b7bfae5d]
Oct-30 00:28:24.478 [Task monitor] DEBUG n.processor.TaskPollingMonitor - !! executor local > tasks to be completed: 1 -- submitted tasks are shown below
~> TaskHandler[id: 1; name: BACTOPIATOOLS:PANGENOME:PG_TOOL:PANAROO_RUN (pirate); status: RUNNING; exit: -; error: -; workDir: /home/ma95362/muszlut/work/44/cfc968f64f8fb1def2f648b7bfae5d]
Oct-30 00:33:24.533 [Task monitor] DEBUG n.processor.TaskPollingMonitor - !! executor local > tasks to be completed: 1 -- submitted tasks are shown below
~> TaskHandler[id: 1; name: BACTOPIATOOLS:PANGENOME:PG_TOOL:PANAROO_RUN (pirate); status: RUNNING; exit: -; error: -; workDir: /home/ma95362/muszlut/work/44/cfc968f64f8fb1def2f648b7bfae5d]
Oct-30 00:38:24.575 [Task monitor] DEBUG n.processor.TaskPollingMonitor - !! executor local > tasks to be completed: 1 -- submitted tasks are shown below
~> TaskHandler[id: 1; name: BACTOPIATOOLS:PANGENOME:PG_TOOL:PANAROO_RUN (pirate); status: RUNNING; exit: -; error: -; workDir: /home/ma95362/muszlut/work/44/cfc968f64f8fb1def2f648b7bfae5d]
Oct-30 00:43:24.616 [Task monitor] DEBUG n.processor.TaskPollingMonitor - !! executor local > tasks to be completed: 1 -- submitted tasks are shown below
~> TaskHandler[id: 1; name: BACTOPIATOOLS:PANGENOME:PG_TOOL:PANAROO_RUN (pirate); status: RUNNING; exit: -; error: -; workDir: /home/ma95362/muszlut/work/44/cfc968f64f8fb1def2f648b7bfae5d]
Oct-30 00:48:24.647 [Task monitor] DEBUG n.processor.TaskPollingMonitor - !! executor local > tasks to be completed: 1 -- submitted tasks are shown below
~> TaskHandler[id: 1; name: BACTOPIATOOLS:PANGENOME:PG_TOOL:PANAROO_RUN (pirate); status: RUNNING; exit: -; error: -; workDir: /home/ma95362/muszlut/work/44/cfc968f64f8fb1def2f648b7bfae5d]
Oct-30 00:53:24.682 [Task monitor] DEBUG n.processor.TaskPollingMonitor - !! executor local > tasks to be completed: 1 -- submitted tasks are shown below
~> TaskHandler[id: 1; name: BACTOPIATOOLS:PANGENOME:PG_TOOL:PANAROO_RUN (pirate); status: RUNNING; exit: -; error: -; workDir: /home/ma95362/muszlut/work/44/cfc968f64f8fb1def2f648b7bfae5d]
Oct-30 00:58:24.735 [Task monitor] DEBUG n.processor.TaskPollingMonitor - !! executor local > tasks to be completed: 1 -- submitted tasks are shown below
~> TaskHandler[id: 1; name: BACTOPIATOOLS:PANGENOME:PG_TOOL:PANAROO_RUN (pirate); status: RUNNING; exit: -; error: -; workDir: /home/ma95362/muszlut/work/44/cfc968f64f8fb1def2f648b7bfae5d]
Oct-30 01:03:24.778 [Task monitor] DEBUG n.processor.TaskPollingMonitor - !! executor local > tasks to be completed: 1 -- submitted tasks are shown below
~> TaskHandler[id: 1; name: BACTOPIATOOLS:PANGENOME:PG_TOOL:PANAROO_RUN (pirate); status: RUNNING; exit: -; error: -; workDir: /home/ma95362/muszlut/work/44/cfc968f64f8fb1def2f648b7bfae5d]
Oct-30 01:08:24.816 [Task monitor] DEBUG n.processor.TaskPollingMonitor - !! executor local > tasks to be completed: 1 -- submitted tasks are shown below
~> TaskHandler[id: 1; name: BACTOPIATOOLS:PANGENOME:PG_TOOL:PANAROO_RUN (pirate); status: RUNNING; exit: -; error: -; workDir: /home/ma95362/muszlut/work/44/cfc968f64f8fb1def2f648b7bfae5d]
Oct-30 01:13:24.856 [Task monitor] DEBUG n.processor.TaskPollingMonitor - !! executor local > tasks to be completed: 1 -- submitted tasks are shown below
~> TaskHandler[id: 1; name: BACTOPIATOOLS:PANGENOME:PG_TOOL:PANAROO_RUN (pirate); status: RUNNING; exit: -; error: -; workDir: /home/ma95362/muszlut/work/44/cfc968f64f8fb1def2f648b7bfae5d]
Oct-30 01:18:24.891 [Task monitor] DEBUG n.processor.TaskPollingMonitor - !! executor local > tasks to be completed: 1 -- submitted tasks are shown below
~> TaskHandler[id: 1; name: BACTOPIATOOLS:PANGENOME:PG_TOOL:PANAROO_RUN (pirate); status: RUNNING; exit: -; error: -; workDir: /home/ma95362/muszlut/work/44/cfc968f64f8fb1def2f648b7bfae5d]
Oct-30 01:23:24.927 [Task monitor] DEBUG n.processor.TaskPollingMonitor - !! executor local > tasks to be completed: 1 -- submitted tasks are shown below
~> TaskHandler[id: 1; name: BACTOPIATOOLS:PANGENOME:PG_TOOL:PANAROO_RUN (pirate); status: RUNNING; exit: -; error: -; workDir: /home/ma95362/muszlut/work/44/cfc968f64f8fb1def2f648b7bfae5d]
Oct-30 01:28:24.959 [Task monitor] DEBUG n.processor.TaskPollingMonitor - !! executor local > tasks to be completed: 1 -- submitted tasks are shown below
~> TaskHandler[id: 1; name: BACTOPIATOOLS:PANGENOME:PG_TOOL:PANAROO_RUN (pirate); status: RUNNING; exit: -; error: -; workDir: /home/ma95362/muszlut/work/44/cfc968f64f8fb1def2f648b7bfae5d]
Oct-30 01:33:24.996 [Task monitor] DEBUG n.processor.TaskPollingMonitor - !! executor local > tasks to be completed: 1 -- submitted tasks are shown below
~> TaskHandler[id: 1; name: BACTOPIATOOLS:PANGENOME:PG_TOOL:PANAROO_RUN (pirate); status: RUNNING; exit: -; error: -; workDir: /home/ma95362/muszlut/work/44/cfc968f64f8fb1def2f648b7bfae5d]
Oct-30 01:38:25.034 [Task monitor] DEBUG n.processor.TaskPollingMonitor - !! executor local > tasks to be completed: 1 -- submitted tasks are shown below
~> TaskHandler[id: 1; name: BACTOPIATOOLS:PANGENOME:PG_TOOL:PANAROO_RUN (pirate); status: RUNNING; exit: -; error: -; workDir: /home/ma95362/muszlut/work/44/cfc968f64f8fb1def2f648b7bfae5d]
Oct-30 01:43:25.086 [Task monitor] DEBUG n.processor.TaskPollingMonitor - !! executor local > tasks to be completed: 1 -- submitted tasks are shown below
~> TaskHandler[id: 1; name: BACTOPIATOOLS:PANGENOME:PG_TOOL:PANAROO_RUN (pirate); status: RUNNING; exit: -; error: -; workDir: /home/ma95362/muszlut/work/44/cfc968f64f8fb1def2f648b7bfae5d]
Oct-30 01:48:25.128 [Task monitor] DEBUG n.processor.TaskPollingMonitor - !! executor local > tasks to be completed: 1 -- submitted tasks are shown below
~> TaskHandler[id: 1; name: BACTOPIATOOLS:PANGENOME:PG_TOOL:PANAROO_RUN (pirate); status: RUNNING; exit: -; error: -; workDir: /home/ma95362/muszlut/work/44/cfc968f64f8fb1def2f648b7bfae5d]
Oct-30 01:53:25.156 [Task monitor] DEBUG n.processor.TaskPollingMonitor - !! executor local > tasks to be completed: 1 -- submitted tasks are shown below
~> TaskHandler[id: 1; name: BACTOPIATOOLS:PANGENOME:PG_TOOL:PANAROO_RUN (pirate); status: RUNNING; exit: -; error: -; workDir: /home/ma95362/muszlut/work/44/cfc968f64f8fb1def2f648b7bfae5d]
Oct-30 01:58:25.213 [Task monitor] DEBUG n.processor.TaskPollingMonitor - !! executor local > tasks to be completed: 1 -- submitted tasks are shown below
~> TaskHandler[id: 1; name: BACTOPIATOOLS:PANGENOME:PG_TOOL:PANAROO_RUN (pirate); status: RUNNING; exit: -; error: -; workDir: /home/ma95362/muszlut/work/44/cfc968f64f8fb1def2f648b7bfae5d]
Oct-30 02:03:25.250 [Task monitor] DEBUG n.processor.TaskPollingMonitor - !! executor local > tasks to be completed: 1 -- submitted tasks are shown below
~> TaskHandler[id: 1; name: BACTOPIATOOLS:PANGENOME:PG_TOOL:PANAROO_RUN (pirate); status: RUNNING; exit: -; error: -; workDir: /home/ma95362/muszlut/work/44/cfc968f64f8fb1def2f648b7bfae5d]
Oct-30 02:08:25.281 [Task monitor] DEBUG n.processor.TaskPollingMonitor - !! executor local > tasks to be completed: 1 -- submitted tasks are shown below
~> TaskHandler[id: 1; name: BACTOPIATOOLS:PANGENOME:PG_TOOL:PANAROO_RUN (pirate); status: RUNNING; exit: -; error: -; workDir: /home/ma95362/muszlut/work/44/cfc968f64f8fb1def2f648b7bfae5d]
Oct-30 02:13:25.325 [Task monitor] DEBUG n.processor.TaskPollingMonitor - !! executor local > tasks to be completed: 1 -- submitted tasks are shown below
~> TaskHandler[id: 1; name: BACTOPIATOOLS:PANGENOME:PG_TOOL:PANAROO_RUN (pirate); status: RUNNING; exit: -; error: -; workDir: /home/ma95362/muszlut/work/44/cfc968f64f8fb1def2f648b7bfae5d]
Oct-30 02:18:25.361 [Task monitor] DEBUG n.processor.TaskPollingMonitor - !! executor local > tasks to be completed: 1 -- submitted tasks are shown below
~> TaskHandler[id: 1; name: BACTOPIATOOLS:PANGENOME:PG_TOOL:PANAROO_RUN (pirate); status: RUNNING; exit: -; error: -; workDir: /home/ma95362/muszlut/work/44/cfc968f64f8fb1def2f648b7bfae5d]
Oct-30 02:23:25.406 [Task monitor] DEBUG n.processor.TaskPollingMonitor - !! executor local > tasks to be completed: 1 -- submitted tasks are shown below
~> TaskHandler[id: 1; name: BACTOPIATOOLS:PANGENOME:PG_TOOL:PANAROO_RUN (pirate); status: RUNNING; exit: -; error: -; workDir: /home/ma95362/muszlut/work/44/cfc968f64f8fb1def2f648b7bfae5d]
Oct-30 02:28:25.456 [Task monitor] DEBUG n.processor.TaskPollingMonitor - !! executor local > tasks to be completed: 1 -- submitted tasks are shown below
~> TaskHandler[id: 1; name: BACTOPIATOOLS:PANGENOME:PG_TOOL:PANAROO_RUN (pirate); status: RUNNING; exit: -; error: -; workDir: /home/ma95362/muszlut/work/44/cfc968f64f8fb1def2f648b7bfae5d]
Oct-30 02:33:25.506 [Task monitor] DEBUG n.processor.TaskPollingMonitor - !! executor local > tasks to be completed: 1 -- submitted tasks are shown below
~> TaskHandler[id: 1; name: BACTOPIATOOLS:PANGENOME:PG_TOOL:PANAROO_RUN (pirate); status: RUNNING; exit: -; error: -; workDir: /home/ma95362/muszlut/work/44/cfc968f64f8fb1def2f648b7bfae5d]
Oct-30 02:38:25.552 [Task monitor] DEBUG n.processor.TaskPollingMonitor - !! executor local > tasks to be completed: 1 -- submitted tasks are shown below
~> TaskHandler[id: 1; name: BACTOPIATOOLS:PANGENOME:PG_TOOL:PANAROO_RUN (pirate); status: RUNNING; exit: -; error: -; workDir: /home/ma95362/muszlut/work/44/cfc968f64f8fb1def2f648b7bfae5d]
Oct-30 02:43:25.603 [Task monitor] DEBUG n.processor.TaskPollingMonitor - !! executor local > tasks to be completed: 1 -- submitted tasks are shown below
~> TaskHandler[id: 1; name: BACTOPIATOOLS:PANGENOME:PG_TOOL:PANAROO_RUN (pirate); status: RUNNING; exit: -; error: -; workDir: /home/ma95362/muszlut/work/44/cfc968f64f8fb1def2f648b7bfae5d]
Oct-30 02:48:25.648 [Task monitor] DEBUG n.processor.TaskPollingMonitor - !! executor local > tasks to be completed: 1 -- submitted tasks are shown below
~> TaskHandler[id: 1; name: BACTOPIATOOLS:PANGENOME:PG_TOOL:PANAROO_RUN (pirate); status: RUNNING; exit: -; error: -; workDir: /home/ma95362/muszlut/work/44/cfc968f64f8fb1def2f648b7bfae5d]
Oct-30 02:53:25.685 [Task monitor] DEBUG n.processor.TaskPollingMonitor - !! executor local > tasks to be completed: 1 -- submitted tasks are shown below
~> TaskHandler[id: 1; name: BACTOPIATOOLS:PANGENOME:PG_TOOL:PANAROO_RUN (pirate); status: RUNNING; exit: -; error: -; workDir: /home/ma95362/muszlut/work/44/cfc968f64f8fb1def2f648b7bfae5d]
Oct-30 02:58:25.719 [Task monitor] DEBUG n.processor.TaskPollingMonitor - !! executor local > tasks to be completed: 1 -- submitted tasks are shown below
~> TaskHandler[id: 1; name: BACTOPIATOOLS:PANGENOME:PG_TOOL:PANAROO_RUN (pirate); status: RUNNING; exit: -; error: -; workDir: /home/ma95362/muszlut/work/44/cfc968f64f8fb1def2f648b7bfae5d]
Oct-30 03:03:25.756 [Task monitor] DEBUG n.processor.TaskPollingMonitor - !! executor local > tasks to be completed: 1 -- submitted tasks are shown below
~> TaskHandler[id: 1; name: BACTOPIATOOLS:PANGENOME:PG_TOOL:PANAROO_RUN (pirate); status: RUNNING; exit: -; error: -; workDir: /home/ma95362/muszlut/work/44/cfc968f64f8fb1def2f648b7bfae5d]
Oct-30 03:08:25.788 [Task monitor] DEBUG n.processor.TaskPollingMonitor - !! executor local > tasks to be completed: 1 -- submitted tasks are shown below
~> TaskHandler[id: 1; name: BACTOPIATOOLS:PANGENOME:PG_TOOL:PANAROO_RUN (pirate); status: RUNNING; exit: -; error: -; workDir: /home/ma95362/muszlut/work/44/cfc968f64f8fb1def2f648b7bfae5d]
Oct-30 03:13:25.821 [Task monitor] DEBUG n.processor.TaskPollingMonitor - !! executor local > tasks to be completed: 1 -- submitted tasks are shown below
~> TaskHandler[id: 1; name: BACTOPIATOOLS:PANGENOME:PG_TOOL:PANAROO_RUN (pirate); status: RUNNING; exit: -; error: -; workDir: /home/ma95362/muszlut/work/44/cfc968f64f8fb1def2f648b7bfae5d]
Oct-30 03:18:25.888 [Task monitor] DEBUG n.processor.TaskPollingMonitor - !! executor local > tasks to be completed: 1 -- submitted tasks are shown below
~> TaskHandler[id: 1; name: BACTOPIATOOLS:PANGENOME:PG_TOOL:PANAROO_RUN (pirate); status: RUNNING; exit: -; error: -; workDir: /home/ma95362/muszlut/work/44/cfc968f64f8fb1def2f648b7bfae5d]
Oct-30 03:23:25.925 [Task monitor] DEBUG n.processor.TaskPollingMonitor - !! executor local > tasks to be completed: 1 -- submitted tasks are shown below
~> TaskHandler[id: 1; name: BACTOPIATOOLS:PANGENOME:PG_TOOL:PANAROO_RUN (pirate); status: RUNNING; exit: -; error: -; workDir: /home/ma95362/muszlut/work/44/cfc968f64f8fb1def2f648b7bfae5d]
Oct-30 03:28:25.964 [Task monitor] DEBUG n.processor.TaskPollingMonitor - !! executor local > tasks to be completed: 1 -- submitted tasks are shown below
~> TaskHandler[id: 1; name: BACTOPIATOOLS:PANGENOME:PG_TOOL:PANAROO_RUN (pirate); status: RUNNING; exit: -; error: -; workDir: /home/ma95362/muszlut/work/44/cfc968f64f8fb1def2f648b7bfae5d]
Oct-30 03:33:26.004 [Task monitor] DEBUG n.processor.TaskPollingMonitor - !! executor local > tasks to be completed: 1 -- submitted tasks are shown below
~> TaskHandler[id: 1; name: BACTOPIATOOLS:PANGENOME:PG_TOOL:PANAROO_RUN (pirate); status: RUNNING; exit: -; error: -; workDir: /home/ma95362/muszlut/work/44/cfc968f64f8fb1def2f648b7bfae5d]
Oct-30 03:38:26.042 [Task monitor] DEBUG n.processor.TaskPollingMonitor - !! executor local > tasks to be completed: 1 -- submitted tasks are shown below
~> TaskHandler[id: 1; name: BACTOPIATOOLS:PANGENOME:PG_TOOL:PANAROO_RUN (pirate); status: RUNNING; exit: -; error: -; workDir: /home/ma95362/muszlut/work/44/cfc968f64f8fb1def2f648b7bfae5d]
Oct-30 03:43:26.105 [Task monitor] DEBUG n.processor.TaskPollingMonitor - !! executor local > tasks to be completed: 1 -- submitted tasks are shown below
~> TaskHandler[id: 1; name: BACTOPIATOOLS:PANGENOME:PG_TOOL:PANAROO_RUN (pirate); status: RUNNING; exit: -; error: -; workDir: /home/ma95362/muszlut/work/44/cfc968f64f8fb1def2f648b7bfae5d]
Oct-30 03:48:26.175 [Task monitor] DEBUG n.processor.TaskPollingMonitor - !! executor local > tasks to be completed: 1 -- submitted tasks are shown below
~> TaskHandler[id: 1; name: BACTOPIATOOLS:PANGENOME:PG_TOOL:PANAROO_RUN (pirate); status: RUNNING; exit: -; error: -; workDir: /home/ma95362/muszlut/work/44/cfc968f64f8fb1def2f648b7bfae5d]
Oct-30 03:53:26.241 [Task monitor] DEBUG n.processor.TaskPollingMonitor - !! executor local > tasks to be completed: 1 -- submitted tasks are shown below
~> TaskHandler[id: 1; name: BACTOPIATOOLS:PANGENOME:PG_TOOL:PANAROO_RUN (pirate); status: RUNNING; exit: -; error: -; workDir: /home/ma95362/muszlut/work/44/cfc968f64f8fb1def2f648b7bfae5d]
Oct-30 03:58:26.310 [Task monitor] DEBUG n.processor.TaskPollingMonitor - !! executor local > tasks to be completed: 1 -- submitted tasks are shown below
~> TaskHandler[id: 1; name: BACTOPIATOOLS:PANGENOME:PG_TOOL:PANAROO_RUN (pirate); status: RUNNING; exit: -; error: -; workDir: /home/ma95362/muszlut/work/44/cfc968f64f8fb1def2f648b7bfae5d]
Oct-30 04:03:26.362 [Task monitor] DEBUG n.processor.TaskPollingMonitor - !! executor local > tasks to be completed: 1 -- submitted tasks are shown below
~> TaskHandler[id: 1; name: BACTOPIATOOLS:PANGENOME:PG_TOOL:PANAROO_RUN (pirate); status: RUNNING; exit: -; error: -; workDir: /home/ma95362/muszlut/work/44/cfc968f64f8fb1def2f648b7bfae5d]
Oct-30 04:08:26.406 [Task monitor] DEBUG n.processor.TaskPollingMonitor - !! executor local > tasks to be completed: 1 -- submitted tasks are shown below
~> TaskHandler[id: 1; name: BACTOPIATOOLS:PANGENOME:PG_TOOL:PANAROO_RUN (pirate); status: RUNNING; exit: -; error: -; workDir: /home/ma95362/muszlut/work/44/cfc968f64f8fb1def2f648b7bfae5d]
Oct-30 04:13:26.466 [Task monitor] DEBUG n.processor.TaskPollingMonitor - !! executor local > tasks to be completed: 1 -- submitted tasks are shown below
~> TaskHandler[id: 1; name: BACTOPIATOOLS:PANGENOME:PG_TOOL:PANAROO_RUN (pirate); status: RUNNING; exit: -; error: -; workDir: /home/ma95362/muszlut/work/44/cfc968f64f8fb1def2f648b7bfae5d]
Oct-30 04:18:26.516 [Task monitor] DEBUG n.processor.TaskPollingMonitor - !! executor local > tasks to be completed: 1 -- submitted tasks are shown below
~> TaskHandler[id: 1; name: BACTOPIATOOLS:PANGENOME:PG_TOOL:PANAROO_RUN (pirate); status: RUNNING; exit: -; error: -; workDir: /home/ma95362/muszlut/work/44/cfc968f64f8fb1def2f648b7bfae5d]
Oct-30 04:23:26.562 [Task monitor] DEBUG n.processor.TaskPollingMonitor - !! executor local > tasks to be completed: 1 -- submitted tasks are shown below
~> TaskHandler[id: 1; name: BACTOPIATOOLS:PANGENOME:PG_TOOL:PANAROO_RUN (pirate); status: RUNNING; exit: -; error: -; workDir: /home/ma95362/muszlut/work/44/cfc968f64f8fb1def2f648b7bfae5d]
Oct-30 04:28:26.604 [Task monitor] DEBUG n.processor.TaskPollingMonitor - !! executor local > tasks to be completed: 1 -- submitted tasks are shown below
~> TaskHandler[id: 1; name: BACTOPIATOOLS:PANGENOME:PG_TOOL:PANAROO_RUN (pirate); status: RUNNING; exit: -; error: -; workDir: /home/ma95362/muszlut/work/44/cfc968f64f8fb1def2f648b7bfae5d]
Oct-30 04:33:26.649 [Task monitor] DEBUG n.processor.TaskPollingMonitor - !! executor local > tasks to be completed: 1 -- submitted tasks are shown below
~> TaskHandler[id: 1; name: BACTOPIATOOLS:PANGENOME:PG_TOOL:PANAROO_RUN (pirate); status: RUNNING; exit: -; error: -; workDir: /home/ma95362/muszlut/work/44/cfc968f64f8fb1def2f648b7bfae5d]
Oct-30 04:38:26.688 [Task monitor] DEBUG n.processor.TaskPollingMonitor - !! executor local > tasks to be completed: 1 -- submitted tasks are shown below
~> TaskHandler[id: 1; name: BACTOPIATOOLS:PANGENOME:PG_TOOL:PANAROO_RUN (pirate); status: RUNNING; exit: -; error: -; workDir: /home/ma95362/muszlut/work/44/cfc968f64f8fb1def2f648b7bfae5d]
Oct-30 04:43:26.734 [Task monitor] DEBUG n.processor.TaskPollingMonitor - !! executor local > tasks to be completed: 1 -- submitted tasks are shown below
~> TaskHandler[id: 1; name: BACTOPIATOOLS:PANGENOME:PG_TOOL:PANAROO_RUN (pirate); status: RUNNING; exit: -; error: -; workDir: /home/ma95362/muszlut/work/44/cfc968f64f8fb1def2f648b7bfae5d]
Oct-30 04:48:26.783 [Task monitor] DEBUG n.processor.TaskPollingMonitor - !! executor local > tasks to be completed: 1 -- submitted tasks are shown below
~> TaskHandler[id: 1; name: BACTOPIATOOLS:PANGENOME:PG_TOOL:PANAROO_RUN (pirate); status: RUNNING; exit: -; error: -; workDir: /home/ma95362/muszlut/work/44/cfc968f64f8fb1def2f648b7bfae5d]
Oct-30 04:53:26.852 [Task monitor] DEBUG n.processor.TaskPollingMonitor - !! executor local > tasks to be completed: 1 -- submitted tasks are shown below
~> TaskHandler[id: 1; name: BACTOPIATOOLS:PANGENOME:PG_TOOL:PANAROO_RUN (pirate); status: RUNNING; exit: -; error: -; workDir: /home/ma95362/muszlut/work/44/cfc968f64f8fb1def2f648b7bfae5d]
Oct-30 04:58:26.916 [Task monitor] DEBUG n.processor.TaskPollingMonitor - !! executor local > tasks to be completed: 1 -- submitted tasks are shown below
~> TaskHandler[id: 1; name: BACTOPIATOOLS:PANGENOME:PG_TOOL:PANAROO_RUN (pirate); status: RUNNING; exit: -; error: -; workDir: /home/ma95362/muszlut/work/44/cfc968f64f8fb1def2f648b7bfae5d]
Oct-30 05:03:26.953 [Task monitor] DEBUG n.processor.TaskPollingMonitor - !! executor local > tasks to be completed: 1 -- submitted tasks are shown below
~> TaskHandler[id: 1; name: BACTOPIATOOLS:PANGENOME:PG_TOOL:PANAROO_RUN (pirate); status: RUNNING; exit: -; error: -; workDir: /home/ma95362/muszlut/work/44/cfc968f64f8fb1def2f648b7bfae5d]
Oct-30 05:08:26.994 [Task monitor] DEBUG n.processor.TaskPollingMonitor - !! executor local > tasks to be completed: 1 -- submitted tasks are shown below
~> TaskHandler[id: 1; name: BACTOPIATOOLS:PANGENOME:PG_TOOL:PANAROO_RUN (pirate); status: RUNNING; exit: -; error: -; workDir: /home/ma95362/muszlut/work/44/cfc968f64f8fb1def2f648b7bfae5d]
Oct-30 05:13:27.045 [Task monitor] DEBUG n.processor.TaskPollingMonitor - !! executor local > tasks to be completed: 1 -- submitted tasks are shown below
~> TaskHandler[id: 1; name: BACTOPIATOOLS:PANGENOME:PG_TOOL:PANAROO_RUN (pirate); status: RUNNING; exit: -; error: -; workDir: /home/ma95362/muszlut/work/44/cfc968f64f8fb1def2f648b7bfae5d]
Oct-30 05:18:27.105 [Task monitor] DEBUG n.processor.TaskPollingMonitor - !! executor local > tasks to be completed: 1 -- submitted tasks are shown below
~> TaskHandler[id: 1; name: BACTOPIATOOLS:PANGENOME:PG_TOOL:PANAROO_RUN (pirate); status: RUNNING; exit: -; error: -; workDir: /home/ma95362/muszlut/work/44/cfc968f64f8fb1def2f648b7bfae5d]
Oct-30 05:23:27.167 [Task monitor] DEBUG n.processor.TaskPollingMonitor - !! executor local > tasks to be completed: 1 -- submitted tasks are shown below
~> TaskHandler[id: 1; name: BACTOPIATOOLS:PANGENOME:PG_TOOL:PANAROO_RUN (pirate); status: RUNNING; exit: -; error: -; workDir: /home/ma95362/muszlut/work/44/cfc968f64f8fb1def2f648b7bfae5d]
Oct-30 05:28:27.249 [Task monitor] DEBUG n.processor.TaskPollingMonitor - !! executor local > tasks to be completed: 1 -- submitted tasks are shown below
~> TaskHandler[id: 1; name: BACTOPIATOOLS:PANGENOME:PG_TOOL:PANAROO_RUN (pirate); status: RUNNING; exit: -; error: -; workDir: /home/ma95362/muszlut/work/44/cfc968f64f8fb1def2f648b7bfae5d]
Oct-30 05:33:27.298 [Task monitor] DEBUG n.processor.TaskPollingMonitor - !! executor local > tasks to be completed: 1 -- submitted tasks are shown below
~> TaskHandler[id: 1; name: BACTOPIATOOLS:PANGENOME:PG_TOOL:PANAROO_RUN (pirate); status: RUNNING; exit: -; error: -; workDir: /home/ma95362/muszlut/work/44/cfc968f64f8fb1def2f648b7bfae5d]
Oct-30 05:38:27.302 [Task monitor] DEBUG n.processor.TaskPollingMonitor - !! executor local > tasks to be completed: 1 -- submitted tasks are shown below
~> TaskHandler[id: 1; name: BACTOPIATOOLS:PANGENOME:PG_TOOL:PANAROO_RUN (pirate); status: RUNNING; exit: -; error: -; workDir: /home/ma95362/muszlut/work/44/cfc968f64f8fb1def2f648b7bfae5d]
Oct-30 05:43:27.364 [Task monitor] DEBUG n.processor.TaskPollingMonitor - !! executor local > tasks to be completed: 1 -- submitted tasks are shown below
~> TaskHandler[id: 1; name: BACTOPIATOOLS:PANGENOME:PG_TOOL:PANAROO_RUN (pirate); status: RUNNING; exit: -; error: -; workDir: /home/ma95362/muszlut/work/44/cfc968f64f8fb1def2f648b7bfae5d]
Oct-30 05:48:27.424 [Task monitor] DEBUG n.processor.TaskPollingMonitor - !! executor local > tasks to be completed: 1 -- submitted tasks are shown below
~> TaskHandler[id: 1; name: BACTOPIATOOLS:PANGENOME:PG_TOOL:PANAROO_RUN (pirate); status: RUNNING; exit: -; error: -; workDir: /home/ma95362/muszlut/work/44/cfc968f64f8fb1def2f648b7bfae5d]
Oct-30 05:53:27.472 [Task monitor] DEBUG n.processor.TaskPollingMonitor - !! executor local > tasks to be completed: 1 -- submitted tasks are shown below
~> TaskHandler[id: 1; name: BACTOPIATOOLS:PANGENOME:PG_TOOL:PANAROO_RUN (pirate); status: RUNNING; exit: -; error: -; workDir: /home/ma95362/muszlut/work/44/cfc968f64f8fb1def2f648b7bfae5d]
Oct-30 05:58:27.536 [Task monitor] DEBUG n.processor.TaskPollingMonitor - !! executor local > tasks to be completed: 1 -- submitted tasks are shown below
~> TaskHandler[id: 1; name: BACTOPIATOOLS:PANGENOME:PG_TOOL:PANAROO_RUN (pirate); status: RUNNING; exit: -; error: -; workDir: /home/ma95362/muszlut/work/44/cfc968f64f8fb1def2f648b7bfae5d]
Oct-30 06:03:27.585 [Task monitor] DEBUG n.processor.TaskPollingMonitor - !! executor local > tasks to be completed: 1 -- submitted tasks are shown below
~> TaskHandler[id: 1; name: BACTOPIATOOLS:PANGENOME:PG_TOOL:PANAROO_RUN (pirate); status: RUNNING; exit: -; error: -; workDir: /home/ma95362/muszlut/work/44/cfc968f64f8fb1def2f648b7bfae5d]
Oct-30 06:08:27.635 [Task monitor] DEBUG n.processor.TaskPollingMonitor - !! executor local > tasks to be completed: 1 -- submitted tasks are shown below
~> TaskHandler[id: 1; name: BACTOPIATOOLS:PANGENOME:PG_TOOL:PANAROO_RUN (pirate); status: RUNNING; exit: -; error: -; workDir: /home/ma95362/muszlut/work/44/cfc968f64f8fb1def2f648b7bfae5d]
Oct-30 06:13:27.695 [Task monitor] DEBUG n.processor.TaskPollingMonitor - !! executor local > tasks to be completed: 1 -- submitted tasks are shown below
~> TaskHandler[id: 1; name: BACTOPIATOOLS:PANGENOME:PG_TOOL:PANAROO_RUN (pirate); status: RUNNING; exit: -; error: -; workDir: /home/ma95362/muszlut/work/44/cfc968f64f8fb1def2f648b7bfae5d]
Oct-30 06:18:27.743 [Task monitor] DEBUG n.processor.TaskPollingMonitor - !! executor local > tasks to be completed: 1 -- submitted tasks are shown below
~> TaskHandler[id: 1; name: BACTOPIATOOLS:PANGENOME:PG_TOOL:PANAROO_RUN (pirate); status: RUNNING; exit: -; error: -; workDir: /home/ma95362/muszlut/work/44/cfc968f64f8fb1def2f648b7bfae5d]
Oct-30 06:23:27.783 [Task monitor] DEBUG n.processor.TaskPollingMonitor - !! executor local > tasks to be completed: 1 -- submitted tasks are shown below
~> TaskHandler[id: 1; name: BACTOPIATOOLS:PANGENOME:PG_TOOL:PANAROO_RUN (pirate); status: RUNNING; exit: -; error: -; workDir: /home/ma95362/muszlut/work/44/cfc968f64f8fb1def2f648b7bfae5d]
Oct-30 06:28:27.827 [Task monitor] DEBUG n.processor.TaskPollingMonitor - !! executor local > tasks to be completed: 1 -- submitted tasks are shown below
~> TaskHandler[id: 1; name: BACTOPIATOOLS:PANGENOME:PG_TOOL:PANAROO_RUN (pirate); status: RUNNING; exit: -; error: -; workDir: /home/ma95362/muszlut/work/44/cfc968f64f8fb1def2f648b7bfae5d]
Oct-30 06:33:27.875 [Task monitor] DEBUG n.processor.TaskPollingMonitor - !! executor local > tasks to be completed: 1 -- submitted tasks are shown below
~> TaskHandler[id: 1; name: BACTOPIATOOLS:PANGENOME:PG_TOOL:PANAROO_RUN (pirate); status: RUNNING; exit: -; error: -; workDir: /home/ma95362/muszlut/work/44/cfc968f64f8fb1def2f648b7bfae5d]
Oct-30 06:38:27.921 [Task monitor] DEBUG n.processor.TaskPollingMonitor - !! executor local > tasks to be completed: 1 -- submitted tasks are shown below
~> TaskHandler[id: 1; name: BACTOPIATOOLS:PANGENOME:PG_TOOL:PANAROO_RUN (pirate); status: RUNNING; exit: -; error: -; workDir: /home/ma95362/muszlut/work/44/cfc968f64f8fb1def2f648b7bfae5d]
Oct-30 06:43:27.964 [Task monitor] DEBUG n.processor.TaskPollingMonitor - !! executor local > tasks to be completed: 1 -- submitted tasks are shown below
~> TaskHandler[id: 1; name: BACTOPIATOOLS:PANGENOME:PG_TOOL:PANAROO_RUN (pirate); status: RUNNING; exit: -; error: -; workDir: /home/ma95362/muszlut/work/44/cfc968f64f8fb1def2f648b7bfae5d]
Oct-30 06:48:28.010 [Task monitor] DEBUG n.processor.TaskPollingMonitor - !! executor local > tasks to be completed: 1 -- submitted tasks are shown below
~> TaskHandler[id: 1; name: BACTOPIATOOLS:PANGENOME:PG_TOOL:PANAROO_RUN (pirate); status: RUNNING; exit: -; error: -; workDir: /home/ma95362/muszlut/work/44/cfc968f64f8fb1def2f648b7bfae5d]
Oct-30 06:53:28.061 [Task monitor] DEBUG n.processor.TaskPollingMonitor - !! executor local > tasks to be completed: 1 -- submitted tasks are shown below
~> TaskHandler[id: 1; name: BACTOPIATOOLS:PANGENOME:PG_TOOL:PANAROO_RUN (pirate); status: RUNNING; exit: -; error: -; workDir: /home/ma95362/muszlut/work/44/cfc968f64f8fb1def2f648b7bfae5d]
Oct-30 06:58:28.101 [Task monitor] DEBUG n.processor.TaskPollingMonitor - !! executor local > tasks to be completed: 1 -- submitted tasks are shown below
~> TaskHandler[id: 1; name: BACTOPIATOOLS:PANGENOME:PG_TOOL:PANAROO_RUN (pirate); status: RUNNING; exit: -; error: -; workDir: /home/ma95362/muszlut/work/44/cfc968f64f8fb1def2f648b7bfae5d]
Oct-30 07:03:28.141 [Task monitor] DEBUG n.processor.TaskPollingMonitor - !! executor local > tasks to be completed: 1 -- submitted tasks are shown below
~> TaskHandler[id: 1; name: BACTOPIATOOLS:PANGENOME:PG_TOOL:PANAROO_RUN (pirate); status: RUNNING; exit: -; error: -; workDir: /home/ma95362/muszlut/work/44/cfc968f64f8fb1def2f648b7bfae5d]
Oct-30 07:08:28.185 [Task monitor] DEBUG n.processor.TaskPollingMonitor - !! executor local > tasks to be completed: 1 -- submitted tasks are shown below
~> TaskHandler[id: 1; name: BACTOPIATOOLS:PANGENOME:PG_TOOL:PANAROO_RUN (pirate); status: RUNNING; exit: -; error: -; workDir: /home/ma95362/muszlut/work/44/cfc968f64f8fb1def2f648b7bfae5d]
Oct-30 07:13:28.226 [Task monitor] DEBUG n.processor.TaskPollingMonitor - !! executor local > tasks to be completed: 1 -- submitted tasks are shown below
~> TaskHandler[id: 1; name: BACTOPIATOOLS:PANGENOME:PG_TOOL:PANAROO_RUN (pirate); status: RUNNING; exit: -; error: -; workDir: /home/ma95362/muszlut/work/44/cfc968f64f8fb1def2f648b7bfae5d]
Oct-30 07:18:28.272 [Task monitor] DEBUG n.processor.TaskPollingMonitor - !! executor local > tasks to be completed: 1 -- submitted tasks are shown below
~> TaskHandler[id: 1; name: BACTOPIATOOLS:PANGENOME:PG_TOOL:PANAROO_RUN (pirate); status: RUNNING; exit: -; error: -; workDir: /home/ma95362/muszlut/work/44/cfc968f64f8fb1def2f648b7bfae5d]
Oct-30 07:23:28.311 [Task monitor] DEBUG n.processor.TaskPollingMonitor - !! executor local > tasks to be completed: 1 -- submitted tasks are shown below
~> TaskHandler[id: 1; name: BACTOPIATOOLS:PANGENOME:PG_TOOL:PANAROO_RUN (pirate); status: RUNNING; exit: -; error: -; workDir: /home/ma95362/muszlut/work/44/cfc968f64f8fb1def2f648b7bfae5d]
Oct-30 07:28:28.361 [Task monitor] DEBUG n.processor.TaskPollingMonitor - !! executor local > tasks to be completed: 1 -- submitted tasks are shown below
~> TaskHandler[id: 1; name: BACTOPIATOOLS:PANGENOME:PG_TOOL:PANAROO_RUN (pirate); status: RUNNING; exit: -; error: -; workDir: /home/ma95362/muszlut/work/44/cfc968f64f8fb1def2f648b7bfae5d]
Oct-30 07:33:28.408 [Task monitor] DEBUG n.processor.TaskPollingMonitor - !! executor local > tasks to be completed: 1 -- submitted tasks are shown below
~> TaskHandler[id: 1; name: BACTOPIATOOLS:PANGENOME:PG_TOOL:PANAROO_RUN (pirate); status: RUNNING; exit: -; error: -; workDir: /home/ma95362/muszlut/work/44/cfc968f64f8fb1def2f648b7bfae5d]
Oct-30 07:38:28.462 [Task monitor] DEBUG n.processor.TaskPollingMonitor - !! executor local > tasks to be completed: 1 -- submitted tasks are shown below
~> TaskHandler[id: 1; name: BACTOPIATOOLS:PANGENOME:PG_TOOL:PANAROO_RUN (pirate); status: RUNNING; exit: -; error: -; workDir: /home/ma95362/muszlut/work/44/cfc968f64f8fb1def2f648b7bfae5d]
Oct-30 07:43:28.521 [Task monitor] DEBUG n.processor.TaskPollingMonitor - !! executor local > tasks to be completed: 1 -- submitted tasks are shown below
~> TaskHandler[id: 1; name: BACTOPIATOOLS:PANGENOME:PG_TOOL:PANAROO_RUN (pirate); status: RUNNING; exit: -; error: -; workDir: /home/ma95362/muszlut/work/44/cfc968f64f8fb1def2f648b7bfae5d]
Oct-30 07:48:28.566 [Task monitor] DEBUG n.processor.TaskPollingMonitor - !! executor local > tasks to be completed: 1 -- submitted tasks are shown below
~> TaskHandler[id: 1; name: BACTOPIATOOLS:PANGENOME:PG_TOOL:PANAROO_RUN (pirate); status: RUNNING; exit: -; error: -; workDir: /home/ma95362/muszlut/work/44/cfc968f64f8fb1def2f648b7bfae5d]
Oct-30 07:53:28.617 [Task monitor] DEBUG n.processor.TaskPollingMonitor - !! executor local > tasks to be completed: 1 -- submitted tasks are shown below
~> TaskHandler[id: 1; name: BACTOPIATOOLS:PANGENOME:PG_TOOL:PANAROO_RUN (pirate); status: RUNNING; exit: -; error: -; workDir: /home/ma95362/muszlut/work/44/cfc968f64f8fb1def2f648b7bfae5d]
Oct-30 07:58:28.657 [Task monitor] DEBUG n.processor.TaskPollingMonitor - !! executor local > tasks to be completed: 1 -- submitted tasks are shown below
~> TaskHandler[id: 1; name: BACTOPIATOOLS:PANGENOME:PG_TOOL:PANAROO_RUN (pirate); status: RUNNING; exit: -; error: -; workDir: /home/ma95362/muszlut/work/44/cfc968f64f8fb1def2f648b7bfae5d]
Oct-30 08:03:28.705 [Task monitor] DEBUG n.processor.TaskPollingMonitor - !! executor local > tasks to be completed: 1 -- submitted tasks are shown below
~> TaskHandler[id: 1; name: BACTOPIATOOLS:PANGENOME:PG_TOOL:PANAROO_RUN (pirate); status: RUNNING; exit: -; error: -; workDir: /home/ma95362/muszlut/work/44/cfc968f64f8fb1def2f648b7bfae5d]
Oct-30 08:08:28.754 [Task monitor] DEBUG n.processor.TaskPollingMonitor - !! executor local > tasks to be completed: 1 -- submitted tasks are shown below
~> TaskHandler[id: 1; name: BACTOPIATOOLS:PANGENOME:PG_TOOL:PANAROO_RUN (pirate); status: RUNNING; exit: -; error: -; workDir: /home/ma95362/muszlut/work/44/cfc968f64f8fb1def2f648b7bfae5d]
Oct-30 08:13:28.793 [Task monitor] DEBUG n.processor.TaskPollingMonitor - !! executor local > tasks to be completed: 1 -- submitted tasks are shown below
~> TaskHandler[id: 1; name: BACTOPIATOOLS:PANGENOME:PG_TOOL:PANAROO_RUN (pirate); status: RUNNING; exit: -; error: -; workDir: /home/ma95362/muszlut/work/44/cfc968f64f8fb1def2f648b7bfae5d]
Oct-30 08:18:28.842 [Task monitor] DEBUG n.processor.TaskPollingMonitor - !! executor local > tasks to be completed: 1 -- submitted tasks are shown below
~> TaskHandler[id: 1; name: BACTOPIATOOLS:PANGENOME:PG_TOOL:PANAROO_RUN (pirate); status: RUNNING; exit: -; error: -; workDir: /home/ma95362/muszlut/work/44/cfc968f64f8fb1def2f648b7bfae5d]
Oct-30 08:23:28.908 [Task monitor] DEBUG n.processor.TaskPollingMonitor - !! executor local > tasks to be completed: 1 -- submitted tasks are shown below
~> TaskHandler[id: 1; name: BACTOPIATOOLS:PANGENOME:PG_TOOL:PANAROO_RUN (pirate); status: RUNNING; exit: -; error: -; workDir: /home/ma95362/muszlut/work/44/cfc968f64f8fb1def2f648b7bfae5d]
Oct-30 08:28:28.962 [Task monitor] DEBUG n.processor.TaskPollingMonitor - !! executor local > tasks to be completed: 1 -- submitted tasks are shown below
~> TaskHandler[id: 1; name: BACTOPIATOOLS:PANGENOME:PG_TOOL:PANAROO_RUN (pirate); status: RUNNING; exit: -; error: -; workDir: /home/ma95362/muszlut/work/44/cfc968f64f8fb1def2f648b7bfae5d]
Oct-30 08:33:29.014 [Task monitor] DEBUG n.processor.TaskPollingMonitor - !! executor local > tasks to be completed: 1 -- submitted tasks are shown below
~> TaskHandler[id: 1; name: BACTOPIATOOLS:PANGENOME:PG_TOOL:PANAROO_RUN (pirate); status: RUNNING; exit: -; error: -; workDir: /home/ma95362/muszlut/work/44/cfc968f64f8fb1def2f648b7bfae5d]
Oct-30 08:38:29.058 [Task monitor] DEBUG n.processor.TaskPollingMonitor - !! executor local > tasks to be completed: 1 -- submitted tasks are shown below
~> TaskHandler[id: 1; name: BACTOPIATOOLS:PANGENOME:PG_TOOL:PANAROO_RUN (pirate); status: RUNNING; exit: -; error: -; workDir: /home/ma95362/muszlut/work/44/cfc968f64f8fb1def2f648b7bfae5d]
Oct-30 08:43:29.102 [Task monitor] DEBUG n.processor.TaskPollingMonitor - !! executor local > tasks to be completed: 1 -- submitted tasks are shown below
~> TaskHandler[id: 1; name: BACTOPIATOOLS:PANGENOME:PG_TOOL:PANAROO_RUN (pirate); status: RUNNING; exit: -; error: -; workDir: /home/ma95362/muszlut/work/44/cfc968f64f8fb1def2f648b7bfae5d]
Oct-30 08:48:29.138 [Task monitor] DEBUG n.processor.TaskPollingMonitor - !! executor local > tasks to be completed: 1 -- submitted tasks are shown below
~> TaskHandler[id: 1; name: BACTOPIATOOLS:PANGENOME:PG_TOOL:PANAROO_RUN (pirate); status: RUNNING; exit: -; error: -; workDir: /home/ma95362/muszlut/work/44/cfc968f64f8fb1def2f648b7bfae5d]
Oct-30 08:53:29.181 [Task monitor] DEBUG n.processor.TaskPollingMonitor - !! executor local > tasks to be completed: 1 -- submitted tasks are shown below
~> TaskHandler[id: 1; name: BACTOPIATOOLS:PANGENOME:PG_TOOL:PANAROO_RUN (pirate); status: RUNNING; exit: -; error: -; workDir: /home/ma95362/muszlut/work/44/cfc968f64f8fb1def2f648b7bfae5d]
Oct-30 08:58:15.126 [Task monitor] DEBUG n.processor.TaskPollingMonitor - Task completed > TaskHandler[id: 1; name: BACTOPIATOOLS:PANGENOME:PG_TOOL:PANAROO_RUN (pirate); status: COMPLETED; exit: 0; error: -; workDir: /home/ma95362/muszlut/work/44/cfc968f64f8fb1def2f648b7bfae5d]
Oct-30 08:58:15.845 [TaskFinalizer-1] DEBUG nextflow.processor.TaskProcessor - Process BACTOPIATOOLS:PANGENOME:PG_TOOL:PANAROO_RUN > Skipping output binding because one or more optional files are missing: fileoutparam<4>
Oct-30 08:58:15.893 [Actor Thread 96] DEBUG nextflow.conda.CondaCache - conda found local env for environment=/home/ma95362/.bactopia/conda/bioconda--snp-dists-0.8.2; path=/home/ma95362/.bactopia/conda/bioconda--snp-dists-0.8.2
Oct-30 08:58:15.911 [Task submitter] DEBUG n.executor.local.LocalTaskHandler - Launch cmd line: /bin/bash -ue .command.run
Oct-30 08:58:15.912 [Task submitter] INFO  nextflow.Session - [a0/942a82] Submitted process > BACTOPIATOOLS:PANGENOME:SNPDISTS (pirate)
Oct-30 08:58:15.996 [Actor Thread 98] DEBUG nextflow.conda.CondaCache - conda found local env for environment=/home/ma95362/.bactopia/conda/bioconda--iqtree-2.2.2.7; path=/home/ma95362/.bactopia/conda/bioconda--iqtree-2.2.2.7
Oct-30 08:58:16.042 [Task submitter] DEBUG n.executor.local.LocalTaskHandler - Launch cmd line: /bin/bash -ue .command.run
Oct-30 08:58:16.042 [Task submitter] INFO  nextflow.Session - [37/0a29a2] Submitted process > BACTOPIATOOLS:PANGENOME:CLONALFRAMEML:IQTREE (start-tree)
Oct-30 08:58:29.255 [Task monitor] DEBUG n.processor.TaskPollingMonitor - !! executor local > tasks to be completed: 2 -- submitted tasks are shown below
~> TaskHandler[id: 2; name: BACTOPIATOOLS:PANGENOME:SNPDISTS (pirate); status: RUNNING; exit: -; error: -; workDir: /home/ma95362/muszlut/work/a0/942a824e763a111cc3cee996882bc0]
~> TaskHandler[id: 3; name: BACTOPIATOOLS:PANGENOME:CLONALFRAMEML:IQTREE (start-tree); status: RUNNING; exit: -; error: -; workDir: /home/ma95362/muszlut/work/37/0a29a28b0078d5f1493e230012eabb]
Oct-30 08:59:15.827 [Task monitor] DEBUG n.processor.TaskPollingMonitor - Task completed > TaskHandler[id: 2; name: BACTOPIATOOLS:PANGENOME:SNPDISTS (pirate); status: COMPLETED; exit: 0; error: -; workDir: /home/ma95362/muszlut/work/a0/942a824e763a111cc3cee996882bc0]
Oct-30 08:59:15.835 [TaskFinalizer-2] DEBUG nextflow.processor.TaskProcessor - Process BACTOPIATOOLS:PANGENOME:SNPDISTS > Skipping output binding because one or more optional files are missing: fileoutparam<1>
Oct-30 09:02:41.815 [Task monitor] DEBUG n.processor.TaskPollingMonitor - Task completed > TaskHandler[id: 3; name: BACTOPIATOOLS:PANGENOME:CLONALFRAMEML:IQTREE (start-tree); status: COMPLETED; exit: 0; error: -; workDir: /home/ma95362/muszlut/work/37/0a29a28b0078d5f1493e230012eabb]
Oct-30 09:02:41.851 [Actor Thread 123] DEBUG nextflow.conda.CondaCache - conda found local env for environment=/home/ma95362/.bactopia/conda/bioconda--clonalframeml-1.12-bioconda--maskrc-svg-0.5; path=/home/ma95362/.bactopia/conda/bioconda--clonalframeml-1.12-bioconda--maskrc-svg-0.5
Oct-30 09:02:41.862 [Task submitter] DEBUG n.executor.local.LocalTaskHandler - Launch cmd line: /bin/bash -ue .command.run
Oct-30 09:02:41.863 [Task submitter] INFO  nextflow.Session - [bd/014793] Submitted process > BACTOPIATOOLS:PANGENOME:CLONALFRAMEML:CLONALFRAME (pirate)
Oct-30 09:03:29.269 [Task monitor] DEBUG n.processor.TaskPollingMonitor - !! executor local > tasks to be completed: 1 -- submitted tasks are shown below
~> TaskHandler[id: 4; name: BACTOPIATOOLS:PANGENOME:CLONALFRAMEML:CLONALFRAME (pirate); status: RUNNING; exit: -; error: -; workDir: /home/ma95362/muszlut/work/bd/01479339a61e88d6fbefce059100b6]
Oct-30 09:08:29.356 [Task monitor] DEBUG n.processor.TaskPollingMonitor - !! executor local > tasks to be completed: 1 -- submitted tasks are shown below
~> TaskHandler[id: 4; name: BACTOPIATOOLS:PANGENOME:CLONALFRAMEML:CLONALFRAME (pirate); status: RUNNING; exit: -; error: -; workDir: /home/ma95362/muszlut/work/bd/01479339a61e88d6fbefce059100b6]
Oct-30 09:13:29.447 [Task monitor] DEBUG n.processor.TaskPollingMonitor - !! executor local > tasks to be completed: 1 -- submitted tasks are shown below
~> TaskHandler[id: 4; name: BACTOPIATOOLS:PANGENOME:CLONALFRAMEML:CLONALFRAME (pirate); status: RUNNING; exit: -; error: -; workDir: /home/ma95362/muszlut/work/bd/01479339a61e88d6fbefce059100b6]
Oct-30 09:18:29.537 [Task monitor] DEBUG n.processor.TaskPollingMonitor - !! executor local > tasks to be completed: 1 -- submitted tasks are shown below
~> TaskHandler[id: 4; name: BACTOPIATOOLS:PANGENOME:CLONALFRAMEML:CLONALFRAME (pirate); status: RUNNING; exit: -; error: -; workDir: /home/ma95362/muszlut/work/bd/01479339a61e88d6fbefce059100b6]
Oct-30 09:23:29.599 [Task monitor] DEBUG n.processor.TaskPollingMonitor - !! executor local > tasks to be completed: 1 -- submitted tasks are shown below
~> TaskHandler[id: 4; name: BACTOPIATOOLS:PANGENOME:CLONALFRAMEML:CLONALFRAME (pirate); status: RUNNING; exit: -; error: -; workDir: /home/ma95362/muszlut/work/bd/01479339a61e88d6fbefce059100b6]
Oct-30 09:28:29.633 [Task monitor] DEBUG n.processor.TaskPollingMonitor - !! executor local > tasks to be completed: 1 -- submitted tasks are shown below
~> TaskHandler[id: 4; name: BACTOPIATOOLS:PANGENOME:CLONALFRAMEML:CLONALFRAME (pirate); status: RUNNING; exit: -; error: -; workDir: /home/ma95362/muszlut/work/bd/01479339a61e88d6fbefce059100b6]
Oct-30 09:33:29.672 [Task monitor] DEBUG n.processor.TaskPollingMonitor - !! executor local > tasks to be completed: 1 -- submitted tasks are shown below
~> TaskHandler[id: 4; name: BACTOPIATOOLS:PANGENOME:CLONALFRAMEML:CLONALFRAME (pirate); status: RUNNING; exit: -; error: -; workDir: /home/ma95362/muszlut/work/bd/01479339a61e88d6fbefce059100b6]
Oct-30 09:38:29.703 [Task monitor] DEBUG n.processor.TaskPollingMonitor - !! executor local > tasks to be completed: 1 -- submitted tasks are shown below
~> TaskHandler[id: 4; name: BACTOPIATOOLS:PANGENOME:CLONALFRAMEML:CLONALFRAME (pirate); status: RUNNING; exit: -; error: -; workDir: /home/ma95362/muszlut/work/bd/01479339a61e88d6fbefce059100b6]
Oct-30 09:43:29.734 [Task monitor] DEBUG n.processor.TaskPollingMonitor - !! executor local > tasks to be completed: 1 -- submitted tasks are shown below
~> TaskHandler[id: 4; name: BACTOPIATOOLS:PANGENOME:CLONALFRAMEML:CLONALFRAME (pirate); status: RUNNING; exit: -; error: -; workDir: /home/ma95362/muszlut/work/bd/01479339a61e88d6fbefce059100b6]
Oct-30 09:48:29.763 [Task monitor] DEBUG n.processor.TaskPollingMonitor - !! executor local > tasks to be completed: 1 -- submitted tasks are shown below
~> TaskHandler[id: 4; name: BACTOPIATOOLS:PANGENOME:CLONALFRAMEML:CLONALFRAME (pirate); status: RUNNING; exit: -; error: -; workDir: /home/ma95362/muszlut/work/bd/01479339a61e88d6fbefce059100b6]
Oct-30 09:53:29.793 [Task monitor] DEBUG n.processor.TaskPollingMonitor - !! executor local > tasks to be completed: 1 -- submitted tasks are shown below
~> TaskHandler[id: 4; name: BACTOPIATOOLS:PANGENOME:CLONALFRAMEML:CLONALFRAME (pirate); status: RUNNING; exit: -; error: -; workDir: /home/ma95362/muszlut/work/bd/01479339a61e88d6fbefce059100b6]
Oct-30 09:58:29.821 [Task monitor] DEBUG n.processor.TaskPollingMonitor - !! executor local > tasks to be completed: 1 -- submitted tasks are shown below
~> TaskHandler[id: 4; name: BACTOPIATOOLS:PANGENOME:CLONALFRAMEML:CLONALFRAME (pirate); status: RUNNING; exit: -; error: -; workDir: /home/ma95362/muszlut/work/bd/01479339a61e88d6fbefce059100b6]
Oct-30 10:03:29.849 [Task monitor] DEBUG n.processor.TaskPollingMonitor - !! executor local > tasks to be completed: 1 -- submitted tasks are shown below
~> TaskHandler[id: 4; name: BACTOPIATOOLS:PANGENOME:CLONALFRAMEML:CLONALFRAME (pirate); status: RUNNING; exit: -; error: -; workDir: /home/ma95362/muszlut/work/bd/01479339a61e88d6fbefce059100b6]
Oct-30 10:08:29.878 [Task monitor] DEBUG n.processor.TaskPollingMonitor - !! executor local > tasks to be completed: 1 -- submitted tasks are shown below
~> TaskHandler[id: 4; name: BACTOPIATOOLS:PANGENOME:CLONALFRAMEML:CLONALFRAME (pirate); status: RUNNING; exit: -; error: -; workDir: /home/ma95362/muszlut/work/bd/01479339a61e88d6fbefce059100b6]
Oct-30 10:13:29.905 [Task monitor] DEBUG n.processor.TaskPollingMonitor - !! executor local > tasks to be completed: 1 -- submitted tasks are shown below
~> TaskHandler[id: 4; name: BACTOPIATOOLS:PANGENOME:CLONALFRAMEML:CLONALFRAME (pirate); status: RUNNING; exit: -; error: -; workDir: /home/ma95362/muszlut/work/bd/01479339a61e88d6fbefce059100b6]
Oct-30 10:18:29.933 [Task monitor] DEBUG n.processor.TaskPollingMonitor - !! executor local > tasks to be completed: 1 -- submitted tasks are shown below
~> TaskHandler[id: 4; name: BACTOPIATOOLS:PANGENOME:CLONALFRAMEML:CLONALFRAME (pirate); status: RUNNING; exit: -; error: -; workDir: /home/ma95362/muszlut/work/bd/01479339a61e88d6fbefce059100b6]
Oct-30 10:23:29.938 [Task monitor] DEBUG n.processor.TaskPollingMonitor - !! executor local > tasks to be completed: 1 -- submitted tasks are shown below
~> TaskHandler[id: 4; name: BACTOPIATOOLS:PANGENOME:CLONALFRAMEML:CLONALFRAME (pirate); status: RUNNING; exit: -; error: -; workDir: /home/ma95362/muszlut/work/bd/01479339a61e88d6fbefce059100b6]
Oct-30 10:28:29.941 [Task monitor] DEBUG n.processor.TaskPollingMonitor - !! executor local > tasks to be completed: 1 -- submitted tasks are shown below
~> TaskHandler[id: 4; name: BACTOPIATOOLS:PANGENOME:CLONALFRAMEML:CLONALFRAME (pirate); status: RUNNING; exit: -; error: -; workDir: /home/ma95362/muszlut/work/bd/01479339a61e88d6fbefce059100b6]
Oct-30 10:33:29.945 [Task monitor] DEBUG n.processor.TaskPollingMonitor - !! executor local > tasks to be completed: 1 -- submitted tasks are shown below
~> TaskHandler[id: 4; name: BACTOPIATOOLS:PANGENOME:CLONALFRAMEML:CLONALFRAME (pirate); status: RUNNING; exit: -; error: -; workDir: /home/ma95362/muszlut/work/bd/01479339a61e88d6fbefce059100b6]
Oct-30 10:38:29.961 [Task monitor] DEBUG n.processor.TaskPollingMonitor - !! executor local > tasks to be completed: 1 -- submitted tasks are shown below
~> TaskHandler[id: 4; name: BACTOPIATOOLS:PANGENOME:CLONALFRAMEML:CLONALFRAME (pirate); status: RUNNING; exit: -; error: -; workDir: /home/ma95362/muszlut/work/bd/01479339a61e88d6fbefce059100b6]
Oct-30 10:43:29.978 [Task monitor] DEBUG n.processor.TaskPollingMonitor - !! executor local > tasks to be completed: 1 -- submitted tasks are shown below
~> TaskHandler[id: 4; name: BACTOPIATOOLS:PANGENOME:CLONALFRAMEML:CLONALFRAME (pirate); status: RUNNING; exit: -; error: -; workDir: /home/ma95362/muszlut/work/bd/01479339a61e88d6fbefce059100b6]
Oct-30 10:45:47.233 [Task monitor] DEBUG n.processor.TaskPollingMonitor - Task completed > TaskHandler[id: 4; name: BACTOPIATOOLS:PANGENOME:CLONALFRAMEML:CLONALFRAME (pirate); status: COMPLETED; exit: 0; error: -; workDir: /home/ma95362/muszlut/work/bd/01479339a61e88d6fbefce059100b6]
Oct-30 10:45:47.247 [TaskFinalizer-4] DEBUG nextflow.processor.TaskProcessor - Process BACTOPIATOOLS:PANGENOME:CLONALFRAMEML:CLONALFRAME > Skipping output binding because one or more optional files are missing: fileoutparam<7>
Oct-30 10:45:47.283 [Task submitter] DEBUG n.executor.local.LocalTaskHandler - Launch cmd line: /bin/bash -ue .command.run
Oct-30 10:45:47.283 [Task submitter] INFO  nextflow.Session - [a5/40769d] Submitted process > BACTOPIATOOLS:PANGENOME:FINAL_TREE:IQTREE_MODULE (core-genome)
Oct-30 10:47:58.741 [Task monitor] DEBUG n.processor.TaskPollingMonitor - Task completed > TaskHandler[id: 5; name: BACTOPIATOOLS:PANGENOME:FINAL_TREE:IQTREE_MODULE (core-genome); status: COMPLETED; exit: 0; error: -; workDir: /home/ma95362/muszlut/work/a5/40769d3145d8e5836766a820a34239]
Oct-30 10:47:58.774 [Actor Thread 148] DEBUG nextflow.sort.BigSort - Sort completed -- entries: 5; slices: 1; internal sort time: 0.018 s; external sort time: 0.002 s; total time: 0.02 s
Oct-30 10:47:58.784 [Actor Thread 148] DEBUG nextflow.file.FileCollector - Saved collect-files list to: /home/ma95362/muszlut/work/collect-file/dd578bc77322eacb294f060f64aef2f3
Oct-30 10:47:58.810 [Actor Thread 148] DEBUG nextflow.file.FileCollector - Deleting file collector temp dir: /tmp/nxf-829121814930180893
Oct-30 10:47:58.830 [Actor Thread 155] DEBUG nextflow.conda.CondaCache - conda found local env for environment=/home/ma95362/.bactopia/conda/bioconda--multiqc-1.24.1; path=/home/ma95362/.bactopia/conda/bioconda--multiqc-1.24.1
Oct-30 10:47:58.841 [Task submitter] DEBUG n.executor.local.LocalTaskHandler - Launch cmd line: /bin/bash -ue .command.run
Oct-30 10:47:58.841 [Task submitter] INFO  nextflow.Session - [00/2663fc] Submitted process > BACTOPIATOOLS:CUSTOM_DUMPSOFTWAREVERSIONS (1)
Oct-30 10:48:18.604 [Task monitor] DEBUG n.processor.TaskPollingMonitor - Task completed > TaskHandler[id: 6; name: BACTOPIATOOLS:CUSTOM_DUMPSOFTWAREVERSIONS (1); status: COMPLETED; exit: 0; error: -; workDir: /home/ma95362/muszlut/work/00/2663fcd355f38d547fe0e33c380da6]
Oct-30 10:48:18.608 [TaskFinalizer-6] DEBUG nextflow.processor.TaskProcessor - Process BACTOPIATOOLS:CUSTOM_DUMPSOFTWAREVERSIONS > Skipping output binding because one or more optional files are missing: fileoutparam<2>
Oct-30 10:48:18.619 [main] DEBUG nextflow.Session - Session await > all processes finished
Oct-30 10:48:18.703 [Task monitor] DEBUG n.processor.TaskPollingMonitor - <<< barrier arrives (monitor: local) - terminating tasks monitor poll loop
Oct-30 10:48:18.703 [main] DEBUG nextflow.Session - Session await > all barriers passed
Oct-30 10:48:18.729 [main] DEBUG nextflow.util.ThreadPoolManager - Thread pool 'TaskFinalizer' shutdown completed (hard=false)
Oct-30 10:48:18.729 [main] DEBUG nextflow.util.ThreadPoolManager - Thread pool 'PublishDir' shutdown completed (hard=false)
Oct-30 10:48:18.731 [main] INFO  nextflow.script.BaseScript - 
    Bactopia Tools: `pangenome Execution Summary
    ---------------------------
    Bactopia Version : 3.1.0
    Nextflow Version : 24.04.4
    Command Line     : nextflow run /apps/eb/Bactopia/3.1.0//share/bactopia-3.1.0/main.nf -w /home/ma95362/muszlut/work/ --wf pangenome --bactopia /scratch/ma95362/PRJNA1056148_bactopia/ena-multiple-samples --exclude /scratch/ma95362/PRJNA1056148_bactopia/bactopia-exclude.tsv
    Resumed          : false
    Completed At     : 2024-10-30T10:48:18.729654943-04:00
    Duration         : 14h 35m 7s
    Success          : true
    Exit Code        : 0
    Error Report     : -
    Launch Dir       : /home/ma95362/muszlut
    
Oct-30 10:48:18.735 [main] DEBUG n.trace.WorkflowStatsObserver - Workflow completed > WorkflowStats[succeededCount=6; failedCount=0; ignoredCount=0; cachedCount=0; pendingCount=0; submittedCount=0; runningCount=0; retriesCount=0; abortedCount=0; succeedDuration=2d 10h 16m 3s; failedDuration=0ms; cachedDuration=0ms;loadCpus=0; loadMemory=0; peakRunning=2; peakCpus=8; peakMemory=47 GB; ]
Oct-30 10:48:18.735 [main] DEBUG nextflow.trace.TraceFileObserver - Workflow completed -- saving trace file
Oct-30 10:48:18.736 [main] DEBUG nextflow.trace.ReportObserver - Workflow completed -- rendering execution report
Oct-30 10:48:19.565 [main] DEBUG nextflow.trace.TimelineObserver - Workflow completed -- rendering execution timeline
Oct-30 10:48:19.805 [main] DEBUG nextflow.cache.CacheDB - Closing CacheDB done
Oct-30 10:48:19.817 [main] DEBUG nextflow.util.ThreadPoolManager - Thread pool 'FileTransfer' shutdown completed (hard=false)
Oct-30 10:48:19.817 [main] DEBUG nextflow.script.ScriptRunner - > Execution complete -- Goodbye
