
 N E X T F L O W   ~  version 25.04.4

Pulling TORCH-Consortium/MAGMA ...
 downloaded from https://github.com/TORCH-Consortium/MAGMA.git
Launching `https://github.com/TORCH-Consortium/MAGMA` [silly_montalcini] DSL2 - revision: d417232998 [v1.1.1]

WARN: Include with `addParams()` is deprecated -- pass params as a workflow or process input instead
[-        ] VAL…_WF:SAMPLESHEET_VALIDATION -

[-        ] VAL…_WF:SAMPLESHEET_VALIDATION -
[-        ] VAL…_FASTQS_WF:FASTQ_VALIDATOR -
[-        ] VAL…LS_FASTQ_COHORT_VALIDATION -
[-        ] QUALITY_CHECK_WF:FASTQC        -
[-        ] MAP_WF:BWA_MEM                 -
[-        ] CALL_WF:SAMTOOLS_MERGE         -
[-        ] CALL_WF:GATK_MARK_DUPLICATES   -
[-        ] CALL_WF:SAMTOOLS_INDEX         -
[-        ] CALL_WF:GATK_HAPLOTYPE_CALLER  -
[-        ] CALL_WF:LOFREQ_CALL__NTM       -
[-        ] CALL_WF:LOFREQ_INDELQUAL       -
[-        ] CALL_WF:SAMTOOLS_INDEX__LOFREQ -
[-        ] CALL_WF:LOFREQ_CALL            -

[-        ] VAL…_WF:SAMPLESHEET_VALIDATION -
[-        ] VAL…_FASTQS_WF:FASTQ_VALIDATOR -
[-        ] VAL…LS_FASTQ_COHORT_VALIDATION -
[-        ] QUALITY_CHECK_WF:FASTQC        -
[-        ] MAP_WF:BWA_MEM                 -
[-        ] CALL_WF:SAMTOOLS_MERGE         -
[-        ] CALL_WF:GATK_MARK_DUPLICATES   -
[-        ] CALL_WF:SAMTOOLS_INDEX         -
[-        ] CALL_WF:GATK_HAPLOTYPE_CALLER  -
[-        ] CALL_WF:LOFREQ_CALL__NTM       -
[-        ] CALL_WF:LOFREQ_INDELQUAL       -
[-        ] CALL_WF:SAMTOOLS_INDEX__LOFREQ -
[-        ] CALL_WF:LOFREQ_CALL            -
[-        ] CALL_WF:LOFREQ_FILTER          -
[-        ] CALL_WF:UTILS_REFORMAT_LOFREQ  -
[-        ] CALL_WF:BGZIP__LOFREQ          -
[-        ] CAL…INDEX_FEATURE_FILE__LOFREQ -
[-        ] CALL_WF:SAMTOOLS_STATS         -
[-        ] CAL…F:GATK_COLLECT_WGS_METRICS -
[-        ] CALL_WF:GATK_FLAG_STAT         -
Plus 2 more processes waiting for tasks…

[-        ] VAL…_WF:SAMPLESHEET_VALIDATION -
[-        ] VAL…_FASTQS_WF:FASTQ_VALIDATOR -
[-        ] VAL…LS_FASTQ_COHORT_VALIDATION -
[-        ] QUALITY_CHECK_WF:FASTQC        -
[-        ] MAP_WF:BWA_MEM                 -
[-        ] CALL_WF:SAMTOOLS_MERGE         -
[-        ] CALL_WF:GATK_MARK_DUPLICATES   -
[-        ] CALL_WF:SAMTOOLS_INDEX         -
[-        ] CALL_WF:GATK_HAPLOTYPE_CALLER  -
[-        ] CALL_WF:LOFREQ_CALL__NTM       -
[-        ] CALL_WF:LOFREQ_INDELQUAL       -
[-        ] CALL_WF:SAMTOOLS_INDEX__LOFREQ -
[-        ] CALL_WF:LOFREQ_CALL            -
[-        ] CALL_WF:LOFREQ_FILTER          -
[-        ] CALL_WF:UTILS_REFORMAT_LOFREQ  -
[-        ] CALL_WF:BGZIP__LOFREQ          -
[-        ] CAL…INDEX_FEATURE_FILE__LOFREQ -
[-        ] CALL_WF:SAMTOOLS_STATS         -
[-        ] CAL…F:GATK_COLLECT_WGS_METRICS -
[-        ] CALL_WF:GATK_FLAG_STAT         -
Plus 16 more processes waiting for tasks…

[-        ] VAL…_WF:SAMPLESHEET_VALIDATION -
[-        ] VAL…_FASTQS_WF:FASTQ_VALIDATOR -
[-        ] VAL…LS_FASTQ_COHORT_VALIDATION -
[-        ] QUALITY_CHECK_WF:FASTQC        -
[-        ] MAP_WF:BWA_MEM                 -
[-        ] CALL_WF:SAMTOOLS_MERGE         -
[-        ] CALL_WF:GATK_MARK_DUPLICATES   -
[-        ] CALL_WF:SAMTOOLS_INDEX         -
[-        ] CALL_WF:GATK_HAPLOTYPE_CALLER  -
[-        ] CALL_WF:LOFREQ_CALL__NTM       -
[-        ] CALL_WF:LOFREQ_INDELQUAL       -
[-        ] CALL_WF:SAMTOOLS_INDEX__LOFREQ -
[-        ] CALL_WF:LOFREQ_CALL            -
[-        ] CALL_WF:LOFREQ_FILTER          -
[-        ] CALL_WF:UTILS_REFORMAT_LOFREQ  -
[-        ] CALL_WF:BGZIP__LOFREQ          -
[-        ] CAL…INDEX_FEATURE_FILE__LOFREQ -
[-        ] CALL_WF:SAMTOOLS_STATS         -
[-        ] CAL…F:GATK_COLLECT_WGS_METRICS -
[-        ] CALL_WF:GATK_FLAG_STAT         -
Plus 24 more processes waiting for tasks…

[-        ] VAL…_WF:SAMPLESHEET_VALIDATION -
[-        ] VAL…_FASTQS_WF:FASTQ_VALIDATOR -
[-        ] VAL…LS_FASTQ_COHORT_VALIDATION -
[-        ] QUALITY_CHECK_WF:FASTQC        -
[-        ] MAP_WF:BWA_MEM                 -
[-        ] CALL_WF:SAMTOOLS_MERGE         -
[-        ] CALL_WF:GATK_MARK_DUPLICATES   -
[-        ] CALL_WF:SAMTOOLS_INDEX         -
[-        ] CALL_WF:GATK_HAPLOTYPE_CALLER  -
[-        ] CALL_WF:LOFREQ_CALL__NTM       -
[-        ] CALL_WF:LOFREQ_INDELQUAL       -
[-        ] CALL_WF:SAMTOOLS_INDEX__LOFREQ -
[-        ] CALL_WF:LOFREQ_CALL            -
[-        ] CALL_WF:LOFREQ_FILTER          -
[-        ] CALL_WF:UTILS_REFORMAT_LOFREQ  -
[-        ] CALL_WF:BGZIP__LOFREQ          -
[-        ] CAL…INDEX_FEATURE_FILE__LOFREQ -
[-        ] CALL_WF:SAMTOOLS_STATS         -
[-        ] CAL…F:GATK_COLLECT_WGS_METRICS -
[-        ] CALL_WF:GATK_FLAG_STAT         -
Plus 34 more processes waiting for tasks…

[-        ] VAL…_WF:SAMPLESHEET_VALIDATION -
[-        ] VAL…_FASTQS_WF:FASTQ_VALIDATOR -
[-        ] VAL…LS_FASTQ_COHORT_VALIDATION -
[-        ] QUALITY_CHECK_WF:FASTQC        -
[-        ] MAP_WF:BWA_MEM                 -
[-        ] CALL_WF:SAMTOOLS_MERGE         -
[-        ] CALL_WF:GATK_MARK_DUPLICATES   -
[-        ] CALL_WF:SAMTOOLS_INDEX         -
[-        ] CALL_WF:GATK_HAPLOTYPE_CALLER  -
[-        ] CALL_WF:LOFREQ_CALL__NTM       -
[-        ] CALL_WF:LOFREQ_INDELQUAL       -
[-        ] CALL_WF:SAMTOOLS_INDEX__LOFREQ -
[-        ] CALL_WF:LOFREQ_CALL            -
[-        ] CALL_WF:LOFREQ_FILTER          -
[-        ] CALL_WF:UTILS_REFORMAT_LOFREQ  -
[-        ] CALL_WF:BGZIP__LOFREQ          -
[-        ] CAL…INDEX_FEATURE_FILE__LOFREQ -
[-        ] CALL_WF:SAMTOOLS_STATS         -
[-        ] CAL…F:GATK_COLLECT_WGS_METRICS -
[-        ] CALL_WF:GATK_FLAG_STAT         -
Plus 45 more processes waiting for tasks…

[-        ] VAL…_WF:SAMPLESHEET_VALIDATION -
[-        ] VAL…_FASTQS_WF:FASTQ_VALIDATOR -
[-        ] VAL…LS_FASTQ_COHORT_VALIDATION -
[-        ] QUALITY_CHECK_WF:FASTQC        -
[-        ] MAP_WF:BWA_MEM                 -
[-        ] CALL_WF:SAMTOOLS_MERGE         -
[-        ] CALL_WF:GATK_MARK_DUPLICATES   -
[-        ] CALL_WF:SAMTOOLS_INDEX         -
[-        ] CALL_WF:GATK_HAPLOTYPE_CALLER  -
[-        ] CALL_WF:LOFREQ_CALL__NTM       -
[-        ] CALL_WF:LOFREQ_INDELQUAL       -
[-        ] CALL_WF:SAMTOOLS_INDEX__LOFREQ -
[-        ] CALL_WF:LOFREQ_CALL            -
[-        ] CALL_WF:LOFREQ_FILTER          -
[-        ] CALL_WF:UTILS_REFORMAT_LOFREQ  -
[-        ] CALL_WF:BGZIP__LOFREQ          -
[-        ] CAL…INDEX_FEATURE_FILE__LOFREQ -
[-        ] CALL_WF:SAMTOOLS_STATS         -
[-        ] CAL…F:GATK_COLLECT_WGS_METRICS -
[-        ] CALL_WF:GATK_FLAG_STAT         -
Plus 57 more processes waiting for tasks…

[-        ] VAL…_WF:SAMPLESHEET_VALIDATION -
[-        ] VAL…_FASTQS_WF:FASTQ_VALIDATOR -
[-        ] VAL…LS_FASTQ_COHORT_VALIDATION -
[-        ] QUALITY_CHECK_WF:FASTQC        -
[-        ] MAP_WF:BWA_MEM                 -
[-        ] CALL_WF:SAMTOOLS_MERGE         -
[-        ] CALL_WF:GATK_MARK_DUPLICATES   -
[-        ] CALL_WF:SAMTOOLS_INDEX         -
[-        ] CALL_WF:GATK_HAPLOTYPE_CALLER  -
[-        ] CALL_WF:LOFREQ_CALL__NTM       -
[-        ] CALL_WF:LOFREQ_INDELQUAL       -
[-        ] CALL_WF:SAMTOOLS_INDEX__LOFREQ -
[-        ] CALL_WF:LOFREQ_CALL            -
[-        ] CALL_WF:LOFREQ_FILTER          -
[-        ] CALL_WF:UTILS_REFORMAT_LOFREQ  -
[-        ] CALL_WF:BGZIP__LOFREQ          -
[-        ] CAL…INDEX_FEATURE_FILE__LOFREQ -
[-        ] CALL_WF:SAMTOOLS_STATS         -
[-        ] CAL…F:GATK_COLLECT_WGS_METRICS -
[-        ] CALL_WF:GATK_FLAG_STAT         -
Plus 57 more processes waiting for tasks…
ERROR ~ Error executing process > 'VALIDATE_FASTQS_WF:SAMPLESHEET_VALIDATION'

Caused by:
  Not a valid path value: 'samplesheet.magma.csv'



Tip: you can try to figure out what's wrong by changing to the process work dir and showing the script file named `.command.sh`

 -- Check '.nextflow.log' file for details

[-        ] VAL…_WF:SAMPLESHEET_VALIDATION -
[-        ] VAL…_FASTQS_WF:FASTQ_VALIDATOR -
[-        ] VAL…LS_FASTQ_COHORT_VALIDATION -
[-        ] QUALITY_CHECK_WF:FASTQC        -
[-        ] MAP_WF:BWA_MEM                 -
[-        ] CALL_WF:SAMTOOLS_MERGE         -
[-        ] CALL_WF:GATK_MARK_DUPLICATES   -
[-        ] CALL_WF:SAMTOOLS_INDEX         -
[-        ] CALL_WF:GATK_HAPLOTYPE_CALLER  -
[-        ] CALL_WF:LOFREQ_CALL__NTM       -
[-        ] CALL_WF:LOFREQ_INDELQUAL       -
[-        ] CALL_WF:SAMTOOLS_INDEX__LOFREQ -
[-        ] CALL_WF:LOFREQ_CALL            -
[-        ] CALL_WF:LOFREQ_FILTER          -
[-        ] CALL_WF:UTILS_REFORMAT_LOFREQ  -
[-        ] CALL_WF:BGZIP__LOFREQ          -
[-        ] CAL…INDEX_FEATURE_FILE__LOFREQ -
[-        ] CALL_WF:SAMTOOLS_STATS         -
[-        ] CAL…F:GATK_COLLECT_WGS_METRICS -
[-        ] CALL_WF:GATK_FLAG_STAT         -
Plus 57 more processes waiting for tasks…
ERROR ~ Error executing process > 'VALIDATE_FASTQS_WF:SAMPLESHEET_VALIDATION'

Caused by:
  Not a valid path value: 'samplesheet.magma.csv'



Tip: you can try to figure out what's wrong by changing to the process work dir and showing the script file named `.command.sh`

 -- Check '.nextflow.log' file for details

